{"numTotalTestSuites":91,"numPassedTestSuites":91,"numFailedTestSuites":0,"numPendingTestSuites":0,"numTotalTests":143,"numPassedTests":143,"numFailedTests":0,"numPendingTests":0,"numTodoTests":0,"snapshot":{"added":0,"failure":false,"filesAdded":0,"filesRemoved":0,"filesRemovedList":[],"filesUnmatched":0,"filesUpdated":0,"matched":0,"total":0,"unchecked":0,"uncheckedKeysByFile":[],"unmatched":0,"updated":0,"didUpdate":false},"startTime":1787324507105,"success":true,"testResults":[{"assertionResults":[{"ancestorTitles":["RoH Sound HomePage Single Page Presentation"],"fullName":"RoH Sound HomePage Single Page Presentation renders all product presentation sections seamlessly","status":"passed","title":"renders all product presentation sections seamlessly","duration":1325.3145,"failureMessages":[],"meta":{},"tags":[]}],"startTime":1787324510932,"endTime":1787324512257.3145,"status":"passed","message":"","name":"D:/Proiecte/Product Presentation/src/app/page.test.tsx"},{"assertionResults":[{"ancestorTitles":["usePerformanceTier"],"fullName":"usePerformanceTier detects high-performance device tier by default","status":"passed","title":"detects high-performance device tier by default","duration":14.756399999999758,"failureMessages":[],"meta":{},"tags":[]},{"ancestorTitles":["usePerformanceTier"],"fullName":"usePerformanceTier flags low tier when deviceMemory is <= 2GB","status":"passed","title":"flags low tier when deviceMemory is <= 2GB","duration":1.731999999999971,"failureMessages":[],"meta":{},"tags":[]},{"ancestorTitles":["usePerformanceTier"],"fullName":"usePerformanceTier flags low tier when hardwareConcurrency is <= 2 cores","status":"passed","title":"flags low tier when hardwareConcurrency is <= 2 cores","duration":1.5988000000002103,"failureMessages":[],"meta":{},"tags":[]},{"ancestorTitles":["usePerformanceTier"],"fullName":"usePerformanceTier flags low tier when user enabled Save Data","status":"passed","title":"flags low tier when user enabled Save Data","duration":1.3843000000001666,"failureMessages":[],"meta":{},"tags":[]},{"ancestorTitles":["usePerformanceTier"],"fullName":"usePerformanceTier flags low tier and reduced motion when prefers-reduced-motion is active","status":"passed","title":"flags low tier and reduced motion when prefers-reduced-motion is active","duration":1.988299999999981,"failureMessages":[],"meta":{},"tags":[]},{"ancestorTitles":["usePerformanceTier"],"fullName":"usePerformanceTier responds dynamically to media query change events","status":"passed","title":"responds dynamically to media query change events","duration":2.2764000000001943,"failureMessages":[],"meta":{},"tags":[]},{"ancestorTitles":["usePerformanceTier"],"fullName":"usePerformanceTier supports legacy addListener and removeListener media query APIs","status":"passed","title":"supports legacy addListener and removeListener media query APIs","duration":1.3829999999998108,"failureMessages":[],"meta":{},"tags":[]}],"startTime":1787324517597,"endTime":1787324517622.383,"status":"passed","message":"","name":"D:/Proiecte/Product Presentation/src/hooks/usePerformanceTier.test.ts"},{"assertionResults":[{"ancestorTitles":["cn utility"],"fullName":"cn utility merges class names correctly","status":"passed","title":"merges class names correctly","duration":8.792300000000068,"failureMessages":[],"meta":{},"tags":[]},{"ancestorTitles":["cn utility"],"fullName":"cn utility handles conditional class names","status":"passed","title":"handles conditional class names","duration":0.41180000000031214,"failureMessages":[],"meta":{},"tags":[]},{"ancestorTitles":["cn utility"],"fullName":"cn utility resolves tailwind class conflicts using tailwind-merge","status":"passed","title":"resolves tailwind class conflicts using tailwind-merge","duration":0.4027000000000953,"failureMessages":[],"meta":{},"tags":[]}],"startTime":1787324517607,"endTime":1787324517616.4119,"status":"passed","message":"","name":"D:/Proiecte/Product Presentation/src/lib/utils.test.ts"},{"assertionResults":[{"ancestorTitles":["useProductStore"],"fullName":"useProductStore initializes with default RoH Sound product state","status":"passed","title":"initializes with default RoH Sound product state","duration":2.0765000000001237,"failureMessages":[],"meta":{},"tags":[]},{"ancestorTitles":["useProductStore"],"fullName":"useProductStore updates colorway and reflects metadata","status":"passed","title":"updates colorway and reflects metadata","duration":0.27860000000009677,"failureMessages":[],"meta":{},"tags":[]},{"ancestorTitles":["useProductStore"],"fullName":"useProductStore updates view angle and ANC modes","status":"passed","title":"updates view angle and ANC modes","duration":0.2139999999999418,"failureMessages":[],"meta":{},"tags":[]},{"ancestorTitles":["useProductStore"],"fullName":"useProductStore toggles spatial audio and updates spatial angle","status":"passed","title":"toggles spatial audio and updates spatial angle","duration":0.1790000000000873,"failureMessages":[],"meta":{},"tags":[]},{"ancestorTitles":["useProductStore"],"fullName":"useProductStore toggles sound demo playback","status":"passed","title":"toggles sound demo playback","duration":0.3242000000000189,"failureMessages":[],"meta":{},"tags":[]},{"ancestorTitles":["useProductStore"],"fullName":"useProductStore manages cart drawer, warranty toggle, and engraving limit","status":"passed","title":"manages cart drawer, warranty toggle, and engraving limit","duration":0.318000000000211,"failureMessages":[],"meta":{},"tags":[]},{"ancestorTitles":["useProductStore"],"fullName":"useProductStore clamps quantity between 1 and 5","status":"passed","title":"clamps quantity between 1 and 5","duration":0.23640000000023065,"failureMessages":[],"meta":{},"tags":[]},{"ancestorTitles":["useProductStore"],"fullName":"useProductStore updates active technical spec tab","status":"passed","title":"updates active technical spec tab","duration":0.14570000000003347,"failureMessages":[],"meta":{},"tags":[]},{"ancestorTitles":["useProductStore"],"fullName":"useProductStore resets to initial state properly","status":"passed","title":"resets to initial state properly","duration":0.1610000000000582,"failureMessages":[],"meta":{},"tags":[]},{"ancestorTitles":["useProductStore"],"fullName":"useProductStore supports alias actions for view angle, color, and warranty","status":"passed","title":"supports alias actions for view angle, color, and warranty","duration":0.23889999999983047,"failureMessages":[],"meta":{},"tags":[]}],"startTime":1787324517674,"endTime":1787324517678.239,"status":"passed","message":"","name":"D:/Proiecte/Product Presentation/src/stores/useProductStore.test.ts"},{"assertionResults":[{"ancestorTitles":["AcousticNavLink"],"fullName":"AcousticNavLink renders link with aria-label and splits letters","status":"passed","title":"renders link with aria-label and splits letters","duration":223.45399999999972,"failureMessages":[],"meta":{},"tags":[]},{"ancestorTitles":["AcousticNavLink"],"fullName":"AcousticNavLink forwards onClick callback","status":"passed","title":"forwards onClick callback","duration":26.92800000000034,"failureMessages":[],"meta":{},"tags":[]}],"startTime":1787324514571,"endTime":1787324514821.928,"status":"passed","message":"","name":"D:/Proiecte/Product Presentation/src/components/motion/AcousticNavLink.test.tsx"},{"assertionResults":[{"ancestorTitles":["AcousticRipple"],"fullName":"AcousticRipple renders nothing when active is false","status":"passed","title":"renders nothing when active is false","duration":13.544400000000223,"failureMessages":[],"meta":{},"tags":[]},{"ancestorTitles":["AcousticRipple"],"fullName":"AcousticRipple renders concentric ripple rings by default without explicit active prop","status":"passed","title":"renders concentric ripple rings by default without explicit active prop","duration":15.868199999999888,"failureMessages":[],"meta":{},"tags":[]}],"startTime":1787324517507,"endTime":1787324517536.8682,"status":"passed","message":"","name":"D:/Proiecte/Product Presentation/src/components/motion/AcousticRipple.test.tsx"},{"assertionResults":[{"ancestorTitles":["AcousticTextWave"],"fullName":"AcousticTextWave renders with accessibility aria-label and splits letters into aria-hidden spans","status":"passed","title":"renders with accessibility aria-label and splits letters into aria-hidden spans","duration":68.47130000000016,"failureMessages":[],"meta":{},"tags":[]},{"ancestorTitles":["AcousticTextWave"],"fullName":"AcousticTextWave triggers wave periodically on interval and resets after completion","status":"passed","title":"triggers wave periodically on interval and resets after completion","duration":14.75059999999985,"failureMessages":[],"meta":{},"tags":[]},{"ancestorTitles":["AcousticTextWave"],"fullName":"AcousticTextWave triggers wave on hover, locks during wave, and pauses interval while hovered","status":"passed","title":"triggers wave on hover, locks during wave, and pauses interval while hovered","duration":19.83349999999973,"failureMessages":[],"meta":{},"tags":[]}],"startTime":1787324514822,"endTime":1787324514924.8335,"status":"passed","message":"","name":"D:/Proiecte/Product Presentation/src/components/motion/AcousticTextWave.test.tsx"},{"assertionResults":[{"ancestorTitles":["MagneticButton"],"fullName":"MagneticButton renders children and forwards clicks","status":"passed","title":"renders children and forwards clicks","duration":278.85909999999967,"failureMessages":[],"meta":{},"tags":[]},{"ancestorTitles":["MagneticButton"],"fullName":"MagneticButton remains stationary by default and executes magnetic cursor tracking on hover","status":"passed","title":"remains stationary by default and executes magnetic cursor tracking on hover","duration":50.98189999999977,"failureMessages":[],"meta":{},"tags":[]},{"ancestorTitles":["MagneticButton"],"fullName":"MagneticButton supports enabling acoustic dance when explicitly configured","status":"passed","title":"supports enabling acoustic dance when explicitly configured","duration":10.384000000000015,"failureMessages":[],"meta":{},"tags":[]}],"startTime":1787324513834,"endTime":1787324514174.384,"status":"passed","message":"","name":"D:/Proiecte/Product Presentation/src/components/motion/MagneticButton.test.tsx"},{"assertionResults":[{"ancestorTitles":["MotionReveal"],"fullName":"MotionReveal renders children with transition styles and handles all directions","status":"passed","title":"renders children with transition styles and handles all directions","duration":101.69519999999966,"failureMessages":[],"meta":{},"tags":[]},{"ancestorTitles":["MotionReveal"],"fullName":"MotionReveal observes element when IntersectionObserver is supported and unobserves on intersect when once=true","status":"passed","title":"observes element when IntersectionObserver is supported and unobserves on intersect when once=true","duration":16.90209999999979,"failureMessages":[],"meta":{},"tags":[]},{"ancestorTitles":["MotionReveal"],"fullName":"MotionReveal toggles visibility repeatedly when once=false and element exits/enters viewport","status":"passed","title":"toggles visibility repeatedly when once=false and element exits/enters viewport","duration":5.276899999999841,"failureMessages":[],"meta":{},"tags":[]},{"ancestorTitles":["MotionReveal"],"fullName":"MotionReveal re-animates on visibilitychange when tab returns to visible","status":"passed","title":"re-animates on visibilitychange when tab returns to visible","duration":8.730400000000373,"failureMessages":[],"meta":{},"tags":[]}],"startTime":1787324514643,"endTime":1787324514775.7305,"status":"passed","message":"","name":"D:/Proiecte/Product Presentation/src/components/motion/MotionReveal.test.tsx"},{"assertionResults":[{"ancestorTitles":["StaggerGroup"],"fullName":"StaggerGroup renders all staggered children sequentially","status":"passed","title":"renders all staggered children sequentially","duration":82.42020000000002,"failureMessages":[],"meta":{},"tags":[]}],"startTime":1787324516983,"endTime":1787324517065.4202,"status":"passed","message":"","name":"D:/Proiecte/Product Presentation/src/components/motion/StaggerGroup.test.tsx"},{"assertionResults":[{"ancestorTitles":["App Router API Route Handlers"],"fullName":"App Router API Route Handlers GET /api/product returns mockProductData","status":"passed","title":"GET /api/product returns mockProductData","duration":4.616599999999835,"failureMessages":[],"meta":{},"tags":[]},{"ancestorTitles":["App Router API Route Handlers"],"fullName":"App Router API Route Handlers GET /api/reviews returns mockReviewsData","status":"passed","title":"GET /api/reviews returns mockReviewsData","duration":0.6255000000001019,"failureMessages":[],"meta":{},"tags":[]},{"ancestorTitles":["App Router API Route Handlers"],"fullName":"App Router API Route Handlers POST /api/order/preorder creates reservation","status":"passed","title":"POST /api/order/preorder creates reservation","duration":1.6116000000001804,"failureMessages":[],"meta":{},"tags":[]}],"startTime":1787324517675,"endTime":1787324517682.6116,"status":"passed","message":"","name":"D:/Proiecte/Product Presentation/src/app/api/api-routes.test.ts"},{"assertionResults":[{"ancestorTitles":["AcousticBento"],"fullName":"AcousticBento renders all bento engineering highlight cards","status":"passed","title":"renders all bento engineering highlight cards","duration":160.4281000000001,"failureMessages":[],"meta":{},"tags":[]}],"startTime":1787324515015,"endTime":1787324515175.428,"status":"passed","message":"","name":"D:/Proiecte/Product Presentation/src/components/presentation/AcousticBento.test.tsx"},{"assertionResults":[{"ancestorTitles":["AcousticWaveform"],"fullName":"AcousticWaveform renders SVG waveform and frequency labels across all modes","status":"passed","title":"renders SVG waveform and frequency labels across all modes","duration":75.9992000000002,"failureMessages":[],"meta":{},"tags":[]},{"ancestorTitles":["AcousticWaveform"],"fullName":"AcousticWaveform cleans up animation frame upon unmount","status":"passed","title":"cleans up animation frame upon unmount","duration":6.569500000000062,"failureMessages":[],"meta":{},"tags":[]}],"startTime":1787324517163,"endTime":1787324517245.5696,"status":"passed","message":"","name":"D:/Proiecte/Product Presentation/src/components/presentation/AcousticWaveform.test.tsx"},{"assertionResults":[{"ancestorTitles":["AncModeSelector"],"fullName":"AncModeSelector renders all 3 ANC mode cards and handles selection","status":"passed","title":"renders all 3 ANC mode cards and handles selection","duration":64.64460000000008,"failureMessages":[],"meta":{},"tags":[]},{"ancestorTitles":["AncModeSelector"],"fullName":"AncModeSelector triggers onSelectMode for all individual ANC modes","status":"passed","title":"triggers onSelectMode for all individual ANC modes","duration":11.600199999999859,"failureMessages":[],"meta":{},"tags":[]},{"ancestorTitles":["AncModeSelector"],"fullName":"AncModeSelector displays active attenuation decibel badge for active mode","status":"passed","title":"displays active attenuation decibel badge for active mode","duration":12.120699999999943,"failureMessages":[],"meta":{},"tags":[]}],"startTime":1787324514983,"endTime":1787324515071.1206,"status":"passed","message":"","name":"D:/Proiecte/Product Presentation/src/components/presentation/AncModeSelector.test.tsx"},{"assertionResults":[{"ancestorTitles":["BentoCard"],"fullName":"BentoCard renders badge, title, description, stats, and footer","status":"passed","title":"renders badge, title, description, stats, and footer","duration":61.8112000000001,"failureMessages":[],"meta":{},"tags":[]}],"startTime":1787324517337,"endTime":1787324517398.8113,"status":"passed","message":"","name":"D:/Proiecte/Product Presentation/src/components/presentation/BentoCard.test.tsx"},{"assertionResults":[{"ancestorTitles":["CheckoutDrawer"],"fullName":"CheckoutDrawer renders closed state with off-screen transform and pointer-events-none","status":"passed","title":"renders closed state with off-screen transform and pointer-events-none","duration":120.42550000000028,"failureMessages":[],"meta":{},"tags":[]},{"ancestorTitles":["CheckoutDrawer"],"fullName":"CheckoutDrawer slides in when open and allows closing via backdrop click, tap, and close button","status":"passed","title":"slides in when open and allows closing via backdrop click, tap, and close button","duration":112.74569999999994,"failureMessages":[],"meta":{},"tags":[]},{"ancestorTitles":["CheckoutDrawer"],"fullName":"CheckoutDrawer closes when Escape key is pressed","status":"passed","title":"closes when Escape key is pressed","duration":34.21759999999995,"failureMessages":[],"meta":{},"tags":[]},{"ancestorTitles":["CheckoutDrawer"],"fullName":"CheckoutDrawer renders order form and allows customizing colorway, engraving, and warranty when open","status":"passed","title":"renders order form and allows customizing colorway, engraving, and warranty when open","duration":363.64620000000014,"failureMessages":[],"meta":{},"tags":[]},{"ancestorTitles":["CheckoutDrawer"],"fullName":"CheckoutDrawer submits preorder and displays confirmation code","status":"passed","title":"submits preorder and displays confirmation code","duration":326.71480000000065,"failureMessages":[],"meta":{},"tags":[]},{"ancestorTitles":["CheckoutDrawer"],"fullName":"CheckoutDrawer displays error banner when preorder API fails","status":"passed","title":"displays error banner when preorder API fails","duration":112.82340000000022,"failureMessages":[],"meta":{},"tags":[]}],"startTime":1787324510795,"endTime":1787324511865.8235,"status":"passed","message":"","name":"D:/Proiecte/Product Presentation/src/components/presentation/CheckoutDrawer.test.tsx"},{"assertionResults":[{"ancestorTitles":["ColorStudio"],"fullName":"ColorStudio renders color studio header and finish options","status":"passed","title":"renders color studio header and finish options","duration":166.2536,"failureMessages":[],"meta":{},"tags":[]},{"ancestorTitles":["ColorStudio"],"fullName":"ColorStudio switches colorway on card selection","status":"passed","title":"switches colorway on card selection","duration":82.01880000000028,"failureMessages":[],"meta":{},"tags":[]},{"ancestorTitles":["ColorStudio"],"fullName":"ColorStudio activates colorway via IntersectionObserver on mobile viewport","status":"passed","title":"activates colorway via IntersectionObserver on mobile viewport","duration":31.39720000000034,"failureMessages":[],"meta":{},"tags":[]},{"ancestorTitles":["ColorStudio"],"fullName":"ColorStudio renders all 4 metallurgical material spec docks and highlights the selected gradient","status":"passed","title":"renders all 4 metallurgical material spec docks and highlights the selected gradient","duration":51.0313000000001,"failureMessages":[],"meta":{},"tags":[]}],"startTime":1787324510707,"endTime":1787324511038.0312,"status":"passed","message":"","name":"D:/Proiecte/Product Presentation/src/components/presentation/ColorStudio.test.tsx"},{"assertionResults":[{"ancestorTitles":["ColorwaySelector"],"fullName":"ColorwaySelector renders circular swatches and triggers selection callback","status":"passed","title":"renders circular swatches and triggers selection callback","duration":244.32690000000002,"failureMessages":[],"meta":{},"tags":[]},{"ancestorTitles":["ColorwaySelector"],"fullName":"ColorwaySelector renders pill buttons in drawer mode and triggers callback","status":"passed","title":"renders pill buttons in drawer mode and triggers callback","duration":34.51459999999997,"failureMessages":[],"meta":{},"tags":[]}],"startTime":1787324513909,"endTime":1787324514188.5146,"status":"passed","message":"","name":"D:/Proiecte/Product Presentation/src/components/presentation/ColorwaySelector.test.tsx"},{"assertionResults":[{"ancestorTitles":["FAQSection"],"fullName":"FAQSection renders FAQ questions and toggles answers on click","status":"passed","title":"renders FAQ questions and toggles answers on click","duration":545.1478999999999,"failureMessages":[],"meta":{},"tags":[]},{"ancestorTitles":["FAQSection"],"fullName":"FAQSection renders all 6 curated acoustic FAQ inquiries","status":"passed","title":"renders all 6 curated acoustic FAQ inquiries","duration":95.96749999999975,"failureMessages":[],"meta":{},"tags":[]},{"ancestorTitles":["FAQSection"],"fullName":"FAQSection allows opening and closing multiple questions independently","status":"passed","title":"allows opening and closing multiple questions independently","duration":270.91669999999976,"failureMessages":[],"meta":{},"tags":[]},{"ancestorTitles":["FAQSection"],"fullName":"FAQSection renders custom faqs data when passed as prop","status":"passed","title":"renders custom faqs data when passed as prop","duration":16.19250000000011,"failureMessages":[],"meta":{},"tags":[]}],"startTime":1787324510764,"endTime":1787324511693.1924,"status":"passed","message":"","name":"D:/Proiecte/Product Presentation/src/components/presentation/FAQSection.test.tsx"},{"assertionResults":[{"ancestorTitles":["Footer"],"fullName":"Footer renders footer brand, copyright and exploration links","status":"passed","title":"renders footer brand, copyright and exploration links","duration":429.9825000000001,"failureMessages":[],"meta":{},"tags":[]},{"ancestorTitles":["Footer"],"fullName":"Footer shows floating Back to Top button on scroll down and triggers smooth scroll","status":"passed","title":"shows floating Back to Top button on scroll down and triggers smooth scroll","duration":50.70069999999987,"failureMessages":[],"meta":{},"tags":[]}],"startTime":1787324510697,"endTime":1787324511177.7007,"status":"passed","message":"","name":"D:/Proiecte/Product Presentation/src/components/presentation/Footer.test.tsx"},{"assertionResults":[{"ancestorTitles":["HeadphoneVisualizer"],"fullName":"HeadphoneVisualizer renders with vector SVG viewport and default front angle","status":"passed","title":"renders with vector SVG viewport and default front angle","duration":366.7964999999999,"failureMessages":[],"meta":{},"tags":[]},{"ancestorTitles":["HeadphoneVisualizer"],"fullName":"HeadphoneVisualizer allows selecting perspectives and calls onAngleChange callback","status":"passed","title":"allows selecting perspectives and calls onAngleChange callback","duration":218.6794,"failureMessages":[],"meta":{},"tags":[]},{"ancestorTitles":["HeadphoneVisualizer"],"fullName":"HeadphoneVisualizer toggles automated studio perspective tour","status":"passed","title":"toggles automated studio perspective tour","duration":145.18380000000025,"failureMessages":[],"meta":{},"tags":[]},{"ancestorTitles":["HeadphoneVisualizer"],"fullName":"HeadphoneVisualizer renders passive visualizer viewport without touch event interceptors","status":"passed","title":"renders passive visualizer viewport without touch event interceptors","duration":21.221199999999953,"failureMessages":[],"meta":{},"tags":[]},{"ancestorTitles":["HeadphoneVisualizer"],"fullName":"HeadphoneVisualizer renders all colorways and perspectives with live demo soundwaves","status":"passed","title":"renders all colorways and perspectives with live demo soundwaves","duration":141.76410000000033,"failureMessages":[],"meta":{},"tags":[]}],"startTime":1787324510671,"endTime":1787324511564.7642,"status":"passed","message":"","name":"D:/Proiecte/Product Presentation/src/components/presentation/HeadphoneVisualizer.test.tsx"},{"assertionResults":[{"ancestorTitles":["HeroSection"],"fullName":"HeroSection renders headline, price, and specs badges","status":"passed","title":"renders headline, price, and specs badges","duration":456.25009999999975,"failureMessages":[],"meta":{},"tags":[]},{"ancestorTitles":["HeroSection"],"fullName":"HeroSection switches colorway when swatch is clicked","status":"passed","title":"switches colorway when swatch is clicked","duration":224.9015999999997,"failureMessages":[],"meta":{},"tags":[]},{"ancestorTitles":["HeroSection"],"fullName":"HeroSection opens checkout drawer when pre-order is clicked","status":"passed","title":"opens checkout drawer when pre-order is clicked","duration":146.3659000000007,"failureMessages":[],"meta":{},"tags":[]}],"startTime":1787324510794,"endTime":1787324511621.366,"status":"passed","message":"","name":"D:/Proiecte/Product Presentation/src/components/presentation/HeroSection.test.tsx"},{"assertionResults":[{"ancestorTitles":["LaserEngravingPreview"],"fullName":"LaserEngravingPreview renders input, character counter, and updates value on input","status":"passed","title":"renders input, character counter, and updates value on input","duration":78.71119999999974,"failureMessages":[],"meta":{},"tags":[]},{"ancestorTitles":["LaserEngravingPreview"],"fullName":"LaserEngravingPreview renders input placeholder and hides etch preview when no text is provided","status":"passed","title":"renders input placeholder and hides etch preview when no text is provided","duration":13.58789999999999,"failureMessages":[],"meta":{},"tags":[]}],"startTime":1787324516975,"endTime":1787324517066.588,"status":"passed","message":"","name":"D:/Proiecte/Product Presentation/src/components/presentation/LaserEngravingPreview.test.tsx"},{"assertionResults":[{"ancestorTitles":["ModelOrbitIndicator"],"fullName":"ModelOrbitIndicator renders auto-orbit active state and handles pause click","status":"passed","title":"renders auto-orbit active state and handles pause click","duration":327.13769999999977,"failureMessages":[],"meta":{},"tags":[]},{"ancestorTitles":["ModelOrbitIndicator"],"fullName":"ModelOrbitIndicator renders paused state and handles resume click","status":"passed","title":"renders paused state and handles resume click","duration":78.96799999999985,"failureMessages":[],"meta":{},"tags":[]},{"ancestorTitles":["ModelOrbitIndicator"],"fullName":"ModelOrbitIndicator renders active dragging state","status":"passed","title":"renders active dragging state","duration":20.86090000000013,"failureMessages":[],"meta":{},"tags":[]}],"startTime":1787324510667,"endTime":1787324511093.8608,"status":"passed","message":"","name":"D:/Proiecte/Product Presentation/src/components/presentation/ModelOrbitIndicator.test.tsx"},{"assertionResults":[{"ancestorTitles":["Navbar"],"fullName":"Navbar renders RoH Sound brand and navigation links with speaker transducer animation","status":"passed","title":"renders RoH Sound brand and navigation links with speaker transducer animation","duration":535.7546000000002,"failureMessages":[],"meta":{},"tags":[]},{"ancestorTitles":["Navbar"],"fullName":"Navbar triggers drawer opening when pre-order CTA is clicked","status":"passed","title":"triggers drawer opening when pre-order CTA is clicked","duration":137.19450000000006,"failureMessages":[],"meta":{},"tags":[]},{"ancestorTitles":["Navbar"],"fullName":"Navbar toggles mobile menu on button click and interacts with links and pre-order button","status":"passed","title":"toggles mobile menu on button click and interacts with links and pre-order button","duration":158.77779999999984,"failureMessages":[],"meta":{},"tags":[]},{"ancestorTitles":["Navbar"],"fullName":"Navbar closes mobile menu when clicking the backdrop overlay","status":"passed","title":"closes mobile menu when clicking the backdrop overlay","duration":151.03769999999986,"failureMessages":[],"meta":{},"tags":[]},{"ancestorTitles":["Navbar"],"fullName":"Navbar closes mobile menu when pressing Escape key","status":"passed","title":"closes mobile menu when pressing Escape key","duration":131.6842999999999,"failureMessages":[],"meta":{},"tags":[]},{"ancestorTitles":["Navbar"],"fullName":"Navbar closes mobile menu when clicking the close button inside drawer","status":"passed","title":"closes mobile menu when clicking the close button inside drawer","duration":130.20769999999993,"failureMessages":[],"meta":{},"tags":[]},{"ancestorTitles":["Navbar"],"fullName":"Navbar handles scroll event and applies high-density frosted glass elevation classes","status":"passed","title":"handles scroll event and applies high-density frosted glass elevation classes","duration":61.20100000000002,"failureMessages":[],"meta":{},"tags":[]}],"startTime":1787324510722,"endTime":1787324512030.201,"status":"passed","message":"","name":"D:/Proiecte/Product Presentation/src/components/presentation/Navbar.test.tsx"},{"assertionResults":[{"ancestorTitles":["OrderSuccessCard"],"fullName":"OrderSuccessCard renders confirmation details, reservation code, finish, and engraving","status":"passed","title":"renders confirmation details, reservation code, finish, and engraving","duration":51.159599999999955,"failureMessages":[],"meta":{},"tags":[]}],"startTime":1787324517520,"endTime":1787324517571.1597,"status":"passed","message":"","name":"D:/Proiecte/Product Presentation/src/components/presentation/OrderSuccessCard.test.tsx"},{"assertionResults":[{"ancestorTitles":["PreorderForm"],"fullName":"PreorderForm renders input fields, pricing CTA, and handles submission","status":"passed","title":"renders input fields, pricing CTA, and handles submission","duration":313.9190000000003,"failureMessages":[],"meta":{},"tags":[]},{"ancestorTitles":["PreorderForm"],"fullName":"PreorderForm renders spinning loader and disables submission when isPending is true","status":"passed","title":"renders spinning loader and disables submission when isPending is true","duration":69.5956000000001,"failureMessages":[],"meta":{},"tags":[]},{"ancestorTitles":["PreorderForm"],"fullName":"PreorderForm renders error alert banner when error message is supplied","status":"passed","title":"renders error alert banner when error message is supplied","duration":8.545600000000377,"failureMessages":[],"meta":{},"tags":[]},{"ancestorTitles":["PreorderForm"],"fullName":"PreorderForm triggers onNameChange and onEmailChange on user typing","status":"passed","title":"triggers onNameChange and onEmailChange on user typing","duration":24.042699999999968,"failureMessages":[],"meta":{},"tags":[]}],"startTime":1787324510672,"endTime":1787324511088.0427,"status":"passed","message":"","name":"D:/Proiecte/Product Presentation/src/components/presentation/PreorderForm.test.tsx"},{"assertionResults":[{"ancestorTitles":["ReviewCard"],"fullName":"ReviewCard renders author, role, verified badge, and comment","status":"passed","title":"renders author, role, verified badge, and comment","duration":59.48140000000012,"failureMessages":[],"meta":{},"tags":[]}],"startTime":1787324517376,"endTime":1787324517435.4814,"status":"passed","message":"","name":"D:/Proiecte/Product Presentation/src/components/presentation/ReviewCard.test.tsx"},{"assertionResults":[{"ancestorTitles":["ReviewsSection"],"fullName":"ReviewsSection renders verified customer reviews and ratings","status":"passed","title":"renders verified customer reviews and ratings","duration":353.8150999999998,"failureMessages":[],"meta":{},"tags":[]},{"ancestorTitles":["ReviewsSection"],"fullName":"ReviewsSection expands all reviews on clicking Show All Reviews and collapses on Show Less","status":"passed","title":"expands all reviews on clicking Show All Reviews and collapses on Show Less","duration":591.1345000000001,"failureMessages":[],"meta":{},"tags":[]},{"ancestorTitles":["ReviewsSection"],"fullName":"ReviewsSection filters reviews by star rating","status":"passed","title":"filters reviews by star rating","duration":297.0117999999993,"failureMessages":[],"meta":{},"tags":[]}],"startTime":1787324510790,"endTime":1787324512032.0117,"status":"passed","message":"","name":"D:/Proiecte/Product Presentation/src/components/presentation/ReviewsSection.test.tsx"},{"assertionResults":[{"ancestorTitles":["SectionHeader"],"fullName":"SectionHeader renders step number and eyebrow label","status":"passed","title":"renders step number and eyebrow label","duration":44.50480000000016,"failureMessages":[],"meta":{},"tags":[]},{"ancestorTitles":["SectionHeader"],"fullName":"SectionHeader renders title, subtitle, and custom children","status":"passed","title":"renders title, subtitle, and custom children","duration":195.79280000000017,"failureMessages":[],"meta":{},"tags":[]}],"startTime":1787324514332,"endTime":1787324514572.7927,"status":"passed","message":"","name":"D:/Proiecte/Product Presentation/src/components/presentation/SectionHeader.test.tsx"},{"assertionResults":[{"ancestorTitles":["SoundExperience"],"fullName":"SoundExperience renders ANC lab and Spatial Audio controls","status":"passed","title":"renders ANC lab and Spatial Audio controls","duration":262.2709,"failureMessages":[],"meta":{},"tags":[]},{"ancestorTitles":["SoundExperience"],"fullName":"SoundExperience switches ANC modes when button is clicked","status":"passed","title":"switches ANC modes when button is clicked","duration":389.69820000000027,"failureMessages":[],"meta":{},"tags":[]},{"ancestorTitles":["SoundExperience"],"fullName":"SoundExperience toggles spatial audio and handles rotation slider","status":"passed","title":"toggles spatial audio and handles rotation slider","duration":155.11110000000008,"failureMessages":[],"meta":{},"tags":[]}],"startTime":1787324510804,"endTime":1787324511611.111,"status":"passed","message":"","name":"D:/Proiecte/Product Presentation/src/components/presentation/SoundExperience.test.tsx"},{"assertionResults":[{"ancestorTitles":["SpatialAudioController"],"fullName":"SpatialAudioController renders toggle switch and angle slider, handling updates","status":"passed","title":"renders toggle switch and angle slider, handling updates","duration":288.4824999999996,"failureMessages":[],"meta":{},"tags":[]}],"startTime":1787324514703,"endTime":1787324514991.4824,"status":"passed","message":"","name":"D:/Proiecte/Product Presentation/src/components/presentation/SpatialAudioController.test.tsx"},{"assertionResults":[{"ancestorTitles":["SpatialRadar"],"fullName":"SpatialRadar renders HRTF soundstage canvas, Left/Right speakers, and virtual emitter","status":"passed","title":"renders HRTF soundstage canvas, Left/Right speakers, and virtual emitter","duration":126.0918999999999,"failureMessages":[],"meta":{},"tags":[]},{"ancestorTitles":["SpatialRadar","Soundstage Azimuth Sectors"],"fullName":"SpatialRadar Soundstage Azimuth Sectors resolves 0° to \"Front Center\" sector readout","status":"passed","title":"resolves 0° to \"Front Center\" sector readout","duration":70.58600000000024,"failureMessages":[],"meta":{},"tags":[]},{"ancestorTitles":["SpatialRadar","Soundstage Azimuth Sectors"],"fullName":"SpatialRadar Soundstage Azimuth Sectors resolves 45° to \"Front-Right Stage\" sector readout","status":"passed","title":"resolves 45° to \"Front-Right Stage\" sector readout","duration":36.63269999999966,"failureMessages":[],"meta":{},"tags":[]},{"ancestorTitles":["SpatialRadar","Soundstage Azimuth Sectors"],"fullName":"SpatialRadar Soundstage Azimuth Sectors resolves 90° to \"Direct Right (90°)\" sector readout","status":"passed","title":"resolves 90° to \"Direct Right (90°)\" sector readout","duration":16.828299999999672,"failureMessages":[],"meta":{},"tags":[]},{"ancestorTitles":["SpatialRadar","Soundstage Azimuth Sectors"],"fullName":"SpatialRadar Soundstage Azimuth Sectors resolves 135° to \"Rear-Right Stage\" sector readout","status":"passed","title":"resolves 135° to \"Rear-Right Stage\" sector readout","duration":52.58739999999989,"failureMessages":[],"meta":{},"tags":[]},{"ancestorTitles":["SpatialRadar","Soundstage Azimuth Sectors"],"fullName":"SpatialRadar Soundstage Azimuth Sectors resolves 180° to \"Direct Rear (180°)\" sector readout","status":"passed","title":"resolves 180° to \"Direct Rear (180°)\" sector readout","duration":60.34830000000011,"failureMessages":[],"meta":{},"tags":[]},{"ancestorTitles":["SpatialRadar","Soundstage Azimuth Sectors"],"fullName":"SpatialRadar Soundstage Azimuth Sectors resolves 225° to \"Rear-Left Stage\" sector readout","status":"passed","title":"resolves 225° to \"Rear-Left Stage\" sector readout","duration":39.10680000000002,"failureMessages":[],"meta":{},"tags":[]},{"ancestorTitles":["SpatialRadar","Soundstage Azimuth Sectors"],"fullName":"SpatialRadar Soundstage Azimuth Sectors resolves 270° to \"Direct Left (270°)\" sector readout","status":"passed","title":"resolves 270° to \"Direct Left (270°)\" sector readout","duration":30.10530000000017,"failureMessages":[],"meta":{},"tags":[]},{"ancestorTitles":["SpatialRadar","Soundstage Azimuth Sectors"],"fullName":"SpatialRadar Soundstage Azimuth Sectors resolves 315° to \"Front-Left Stage\" sector readout","status":"passed","title":"resolves 315° to \"Front-Left Stage\" sector readout","duration":16.653999999999996,"failureMessages":[],"meta":{},"tags":[]},{"ancestorTitles":["SpatialRadar","Pointer Drag & Touch Interaction"],"fullName":"SpatialRadar Pointer Drag & Touch Interaction manages full pointer drag cycle (pointerdown, pointermove, pointerup)","status":"passed","title":"manages full pointer drag cycle (pointerdown, pointermove, pointerup)","duration":48.62779999999975,"failureMessages":[],"meta":{},"tags":[]},{"ancestorTitles":["SpatialRadar","Pointer Drag & Touch Interaction"],"fullName":"SpatialRadar Pointer Drag & Touch Interaction handles interaction safely when onAngleChange is omitted","status":"passed","title":"handles interaction safely when onAngleChange is omitted","duration":15.450000000000273,"failureMessages":[],"meta":{},"tags":[]},{"ancestorTitles":["SpatialRadar","Pointer Drag & Touch Interaction"],"fullName":"SpatialRadar Pointer Drag & Touch Interaction correctly maps and wraps angles across all four planar quadrants","status":"passed","title":"correctly maps and wraps angles across all four planar quadrants","duration":20.854699999999866,"failureMessages":[],"meta":{},"tags":[]},{"ancestorTitles":["SpatialRadar","Binaural Ray & Panning Visualization"],"fullName":"SpatialRadar Binaural Ray & Panning Visualization hides binaural vector rays when spatial audio is deactivated","status":"passed","title":"hides binaural vector rays when spatial audio is deactivated","duration":18.27039999999988,"failureMessages":[],"meta":{},"tags":[]}],"startTime":1787324510682,"endTime":1787324511235.2705,"status":"passed","message":"","name":"D:/Proiecte/Product Presentation/src/components/presentation/SpatialRadar.test.tsx"},{"assertionResults":[{"ancestorTitles":["SpecComparisonTable"],"fullName":"SpecComparisonTable renders table headers, comparison rows, and RoH Sound highlights","status":"passed","title":"renders table headers, comparison rows, and RoH Sound highlights","duration":193.97839999999997,"failureMessages":[],"meta":{},"tags":[]},{"ancestorTitles":["SpecComparisonTable"],"fullName":"SpecComparisonTable switches competitor selection when clicking mobile switcher tabs","status":"passed","title":"switches competitor selection when clicking mobile switcher tabs","duration":389.5515999999998,"failureMessages":[],"meta":{},"tags":[]}],"startTime":1787324510644,"endTime":1787324511227.5515,"status":"passed","message":"","name":"D:/Proiecte/Product Presentation/src/components/presentation/SpecComparisonTable.test.tsx"},{"assertionResults":[{"ancestorTitles":["TechnicalSpecs"],"fullName":"TechnicalSpecs renders technical specs tabs and comparison table","status":"passed","title":"renders technical specs tabs and comparison table","duration":198.82510000000002,"failureMessages":[],"meta":{},"tags":[]},{"ancestorTitles":["TechnicalSpecs"],"fullName":"TechnicalSpecs switches specification tab when clicked","status":"passed","title":"switches specification tab when clicked","duration":670.3348999999998,"failureMessages":[],"meta":{},"tags":[]},{"ancestorTitles":["TechnicalSpecs"],"fullName":"TechnicalSpecs renders benchmark comparison matrix with RoH Sound acoustic advantages","status":"passed","title":"renders benchmark comparison matrix with RoH Sound acoustic advantages","duration":89.5587000000005,"failureMessages":[],"meta":{},"tags":[]},{"ancestorTitles":["TechnicalSpecs"],"fullName":"TechnicalSpecs renders custom specifications data when passed as prop","status":"passed","title":"renders custom specifications data when passed as prop","duration":58.075300000000425,"failureMessages":[],"meta":{},"tags":[]}],"startTime":1787324510742,"endTime":1787324511759.0752,"status":"passed","message":"","name":"D:/Proiecte/Product Presentation/src/components/presentation/TechnicalSpecs.test.tsx"},{"assertionResults":[{"ancestorTitles":["Accordion & AccordionItem"],"fullName":"Accordion & AccordionItem renders accordion items and handles toggle expansions","status":"passed","title":"renders accordion items and handles toggle expansions","duration":297.4737,"failureMessages":[],"meta":{},"tags":[]}],"startTime":1787324513958,"endTime":1787324514255.4736,"status":"passed","message":"","name":"D:/Proiecte/Product Presentation/src/components/ui/Accordion.test.tsx"},{"assertionResults":[{"ancestorTitles":["Badge primitive"],"fullName":"Badge primitive renders badge text correctly","status":"passed","title":"renders badge text correctly","duration":55.54980000000023,"failureMessages":[],"meta":{},"tags":[]},{"ancestorTitles":["Badge primitive"],"fullName":"Badge primitive renders different badge variants","status":"passed","title":"renders different badge variants","duration":33.522899999999936,"failureMessages":[],"meta":{},"tags":[]}],"startTime":1787324517119,"endTime":1787324517208.523,"status":"passed","message":"","name":"D:/Proiecte/Product Presentation/src/components/ui/Badge.test.tsx"},{"assertionResults":[{"ancestorTitles":["Button primitive"],"fullName":"Button primitive renders button with text correctly","status":"passed","title":"renders button with text correctly","duration":248.9016999999999,"failureMessages":[],"meta":{},"tags":[]},{"ancestorTitles":["Button primitive"],"fullName":"Button primitive triggers onClick handler when clicked","status":"passed","title":"triggers onClick handler when clicked","duration":22.355399999999918,"failureMessages":[],"meta":{},"tags":[]},{"ancestorTitles":["Button primitive"],"fullName":"Button primitive applies variant classes properly","status":"passed","title":"applies variant classes properly","duration":47.76770000000033,"failureMessages":[],"meta":{},"tags":[]},{"ancestorTitles":["Button primitive"],"fullName":"Button primitive handles loading state with spinner and disables button","status":"passed","title":"handles loading state with spinner and disables button","duration":33.62219999999979,"failureMessages":[],"meta":{},"tags":[]},{"ancestorTitles":["Button primitive"],"fullName":"Button primitive is disabled when disabled prop is true","status":"passed","title":"is disabled when disabled prop is true","duration":25.621399999999994,"failureMessages":[],"meta":{},"tags":[]}],"startTime":1787324514337,"endTime":1787324514714.6213,"status":"passed","message":"","name":"D:/Proiecte/Product Presentation/src/components/ui/Button.test.tsx"},{"assertionResults":[{"ancestorTitles":["Card primitive"],"fullName":"Card primitive renders complete card component structure","status":"passed","title":"renders complete card component structure","duration":262.3059000000003,"failureMessages":[],"meta":{},"tags":[]}],"startTime":1787324514257,"endTime":1787324514519.306,"status":"passed","message":"","name":"D:/Proiecte/Product Presentation/src/components/ui/Card.test.tsx"},{"assertionResults":[{"ancestorTitles":["Input primitive"],"fullName":"Input primitive renders input with label and helper text","status":"passed","title":"renders input with label and helper text","duration":71.89359999999988,"failureMessages":[],"meta":{},"tags":[]},{"ancestorTitles":["Input primitive"],"fullName":"Input primitive renders error state correctly with aria attributes","status":"passed","title":"renders error state correctly with aria attributes","duration":164.8191999999999,"failureMessages":[],"meta":{},"tags":[]},{"ancestorTitles":["Input primitive"],"fullName":"Input primitive handles typing and onChange events","status":"passed","title":"handles typing and onChange events","duration":11.550200000000132,"failureMessages":[],"meta":{},"tags":[]}],"startTime":1787324514068,"endTime":1787324514315.5503,"status":"passed","message":"","name":"D:/Proiecte/Product Presentation/src/components/ui/Input.test.tsx"},{"assertionResults":[{"ancestorTitles":["Modal primitive"],"fullName":"Modal primitive does not render when isOpen is false","status":"passed","title":"does not render when isOpen is false","duration":43.952999999999975,"failureMessages":[],"meta":{},"tags":[]},{"ancestorTitles":["Modal primitive"],"fullName":"Modal primitive renders modal dialog with title, description, body, and footer when isOpen is true","status":"passed","title":"renders modal dialog with title, description, body, and footer when isOpen is true","duration":339.1734999999999,"failureMessages":[],"meta":{},"tags":[]},{"ancestorTitles":["Modal primitive"],"fullName":"Modal primitive calls onClose when close button is clicked","status":"passed","title":"calls onClose when close button is clicked","duration":15.046100000000024,"failureMessages":[],"meta":{},"tags":[]},{"ancestorTitles":["Modal primitive"],"fullName":"Modal primitive calls onClose when clicking the backdrop, but not when clicking modal content","status":"passed","title":"calls onClose when clicking the backdrop, but not when clicking modal content","duration":8.656200000000354,"failureMessages":[],"meta":{},"tags":[]},{"ancestorTitles":["Modal primitive"],"fullName":"Modal primitive calls onClose when Escape key is pressed, but ignores other keys","status":"passed","title":"calls onClose when Escape key is pressed, but ignores other keys","duration":6.672799999999825,"failureMessages":[],"meta":{},"tags":[]}],"startTime":1787324514507,"endTime":1787324514920.6729,"status":"passed","message":"","name":"D:/Proiecte/Product Presentation/src/components/ui/Modal.test.tsx"},{"assertionResults":[{"ancestorTitles":["StarRating"],"fullName":"StarRating renders correct number of stars and sets aria-label","status":"passed","title":"renders correct number of stars and sets aria-label","duration":41.55360000000019,"failureMessages":[],"meta":{},"tags":[]},{"ancestorTitles":["StarRating"],"fullName":"StarRating handles custom size and classes","status":"passed","title":"handles custom size and classes","duration":6.263500000000022,"failureMessages":[],"meta":{},"tags":[]}],"startTime":1787324517549,"endTime":1787324517597.2634,"status":"passed","message":"","name":"D:/Proiecte/Product Presentation/src/components/ui/StarRating.test.tsx"},{"assertionResults":[{"ancestorTitles":["TrustBadgeBar"],"fullName":"TrustBadgeBar renders default trust badges correctly","status":"passed","title":"renders default trust badges correctly","duration":55.89460000000008,"failureMessages":[],"meta":{},"tags":[]},{"ancestorTitles":["TrustBadgeBar"],"fullName":"TrustBadgeBar renders custom badge items","status":"passed","title":"renders custom badge items","duration":7.865400000000136,"failureMessages":[],"meta":{},"tags":[]}],"startTime":1787324517290,"endTime":1787324517353.8655,"status":"passed","message":"","name":"D:/Proiecte/Product Presentation/src/components/ui/TrustBadgeBar.test.tsx"},{"assertionResults":[{"ancestorTitles":["useProductData & useReviewsData"],"fullName":"useProductData & useReviewsData fetches RoH Sound product specifications successfully","status":"passed","title":"fetches RoH Sound product specifications successfully","duration":117.50560000000041,"failureMessages":[],"meta":{},"tags":[]},{"ancestorTitles":["useProductData & useReviewsData"],"fullName":"useProductData & useReviewsData fetches customer reviews successfully","status":"passed","title":"fetches customer reviews successfully","duration":66.38889999999992,"failureMessages":[],"meta":{},"tags":[]},{"ancestorTitles":["useProductData & useReviewsData"],"fullName":"useProductData & useReviewsData handles API error states gracefully","status":"passed","title":"handles API error states gracefully","duration":71.9058,"failureMessages":[],"meta":{},"tags":[]},{"ancestorTitles":["useProductData & useReviewsData"],"fullName":"useProductData & useReviewsData submits preorder reservation successfully","status":"passed","title":"submits preorder reservation successfully","duration":89.16420000000016,"failureMessages":[],"meta":{},"tags":[]}],"startTime":1787324514043,"endTime":1787324514388.1643,"status":"passed","message":"","name":"D:/Proiecte/Product Presentation/src/hooks/queries/useProductData.test.tsx"}],"coverageMap":{"D:\\Proiecte\\Product Presentation\\src\\app\\api\\reviews\\route.ts":{"path":"D:\\Proiecte\\Product Presentation\\src\\app\\api\\reviews\\route.ts","statementMap":{"0":{"start":{"line":5,"column":2},"end":{"line":5,"column":null}}},"fnMap":{"0":{"name":"GET","decl":{"start":{"line":4,"column":22},"end":{"line":4,"column":28}},"loc":{"start":{"line":4,"column":28},"end":{"line":6,"column":null}},"line":4}},"branchMap":{},"s":{"0":1},"f":{"0":1},"b":{},"meta":{"lastBranch":0,"lastFunction":1,"lastStatement":1,"seen":{"f:4:22:4:28":0,"s:5:2:5:Infinity":0},"fnNames":{}}},"D:\\Proiecte\\Product Presentation\\src\\app\\api\\order\\preorder\\route.ts":{"path":"D:\\Proiecte\\Product Presentation\\src\\app\\api\\order\\preorder\\route.ts","statementMap":{"0":{"start":{"line":4,"column":2},"end":{"line":21,"column":null}},"1":{"start":{"line":5,"column":17},"end":{"line":5,"column":null}},"2":{"start":{"line":6,"column":28},"end":{"line":6,"column":null}},"3":{"start":{"line":8,"column":4},"end":{"line":18,"column":null}},"4":{"start":{"line":20,"column":4},"end":{"line":20,"column":null}}},"fnMap":{"0":{"name":"POST","decl":{"start":{"line":3,"column":22},"end":{"line":3,"column":27}},"loc":{"start":{"line":3,"column":45},"end":{"line":22,"column":null}},"line":3}},"branchMap":{"0":{"loc":{"start":{"line":13,"column":18},"end":{"line":13,"column":null}},"type":"binary-expr","locations":[{"start":{"line":13,"column":18},"end":{"line":13,"column":35}},{"start":{"line":13,"column":35},"end":{"line":13,"column":null}}],"line":13},"1":{"loc":{"start":{"line":14,"column":18},"end":{"line":14,"column":null}},"type":"binary-expr","locations":[{"start":{"line":14,"column":18},"end":{"line":14,"column":35}},{"start":{"line":14,"column":35},"end":{"line":14,"column":null}}],"line":14},"2":{"loc":{"start":{"line":15,"column":19},"end":{"line":15,"column":null}},"type":"binary-expr","locations":[{"start":{"line":15,"column":19},"end":{"line":15,"column":37}},{"start":{"line":15,"column":37},"end":{"line":15,"column":null}}],"line":15}},"s":{"0":1,"1":1,"2":1,"3":1,"4":0},"f":{"0":1},"b":{"0":[1,0],"1":[1,0],"2":[1,1]},"meta":{"lastBranch":3,"lastFunction":1,"lastStatement":5,"seen":{"f:3:22:3:27":0,"s:4:2:21:Infinity":0,"s:5:17:5:Infinity":1,"s:6:28:6:Infinity":2,"s:8:4:18:Infinity":3,"b:13:18:13:35:13:35:13:Infinity":0,"b:14:18:14:35:14:35:14:Infinity":1,"b:15:19:15:37:15:37:15:Infinity":2,"s:20:4:20:Infinity":4},"fnNames":{}}},"D:\\Proiecte\\Product Presentation\\src\\app\\api\\product\\route.ts":{"path":"D:\\Proiecte\\Product Presentation\\src\\app\\api\\product\\route.ts","statementMap":{"0":{"start":{"line":5,"column":2},"end":{"line":5,"column":null}}},"fnMap":{"0":{"name":"GET","decl":{"start":{"line":4,"column":22},"end":{"line":4,"column":28}},"loc":{"start":{"line":4,"column":28},"end":{"line":6,"column":null}},"line":4}},"branchMap":{},"s":{"0":1},"f":{"0":1},"b":{},"meta":{"lastBranch":0,"lastFunction":1,"lastStatement":1,"seen":{"f:4:22:4:28":0,"s:5:2:5:Infinity":0},"fnNames":{}}},"D:\\Proiecte\\Product Presentation\\src\\components\\motion\\AcousticRipple.tsx":{"path":"D:\\Proiecte\\Product Presentation\\src\\components\\motion\\AcousticRipple.tsx","statementMap":{"0":{"start":{"line":10,"column":61},"end":{"line":31,"column":null}},"1":{"start":{"line":14,"column":2},"end":{"line":14,"column":null}},"2":{"start":{"line":14,"column":15},"end":{"line":14,"column":null}},"3":{"start":{"line":16,"column":2},"end":{"line":29,"column":null}}},"fnMap":{"0":{"name":"(anonymous_0)","decl":{"start":{"line":10,"column":61},"end":{"line":10,"column":62}},"loc":{"start":{"line":13,"column":6},"end":{"line":31,"column":null}},"line":13}},"branchMap":{"0":{"loc":{"start":{"line":11,"column":2},"end":{"line":11,"column":null}},"type":"default-arg","locations":[{"start":{"line":11,"column":11},"end":{"line":11,"column":null}}],"line":11},"1":{"loc":{"start":{"line":12,"column":2},"end":{"line":12,"column":null}},"type":"default-arg","locations":[{"start":{"line":12,"column":14},"end":{"line":12,"column":null}}],"line":12},"2":{"loc":{"start":{"line":14,"column":2},"end":{"line":14,"column":null}},"type":"if","locations":[{"start":{"line":14,"column":2},"end":{"line":14,"column":null}},{"start":{},"end":{}}],"line":14}},"s":{"0":3,"1":8,"2":1,"3":7},"f":{"0":8},"b":{"0":[8],"1":[8],"2":[1,7]},"meta":{"lastBranch":3,"lastFunction":1,"lastStatement":4,"seen":{"s:10:61:31:Infinity":0,"f:10:61:10:62":0,"b:11:11:11:Infinity":0,"b:12:14:12:Infinity":1,"b:14:2:14:Infinity:undefined:undefined:undefined:undefined":2,"s:14:2:14:Infinity":1,"s:14:15:14:Infinity":2,"s:16:2:29:Infinity":3},"fnNames":{}}},"D:\\Proiecte\\Product Presentation\\src\\components\\motion\\AcousticNavLink.tsx":{"path":"D:\\Proiecte\\Product Presentation\\src\\components\\motion\\AcousticNavLink.tsx","statementMap":{"0":{"start":{"line":10,"column":63},"end":{"line":51,"column":null}},"1":{"start":{"line":16,"column":18},"end":{"line":16,"column":null}},"2":{"start":{"line":18,"column":2},"end":{"line":49,"column":null}},"3":{"start":{"line":28,"column":26},"end":{"line":28,"column":null}},"4":{"start":{"line":29,"column":10},"end":{"line":39,"column":null}}},"fnMap":{"0":{"name":"(anonymous_0)","decl":{"start":{"line":10,"column":63},"end":{"line":10,"column":64}},"loc":{"start":{"line":15,"column":6},"end":{"line":51,"column":null}},"line":15},"1":{"name":"(anonymous_1)","decl":{"start":{"line":27,"column":21},"end":{"line":27,"column":22}},"loc":{"start":{"line":27,"column":38},"end":{"line":41,"column":9}},"line":27}},"branchMap":{"0":{"loc":{"start":{"line":13,"column":2},"end":{"line":13,"column":null}},"type":"default-arg","locations":[{"start":{"line":13,"column":14},"end":{"line":13,"column":null}}],"line":13},"1":{"loc":{"start":{"line":38,"column":15},"end":{"line":38,"column":null}},"type":"cond-expr","locations":[{"start":{"line":38,"column":25},"end":{"line":38,"column":36}},{"start":{"line":38,"column":36},"end":{"line":38,"column":null}}],"line":38}},"s":{"0":3,"1":128,"2":128,"3":810,"4":810},"f":{"0":128,"1":810},"b":{"0":[128],"1":[0,810]},"meta":{"lastBranch":2,"lastFunction":2,"lastStatement":5,"seen":{"s:10:63:51:Infinity":0,"f:10:63:10:64":0,"b:13:14:13:Infinity":0,"s:16:18:16:Infinity":1,"s:18:2:49:Infinity":2,"f:27:21:27:22":1,"s:28:26:28:Infinity":3,"s:29:10:39:Infinity":4,"b:38:25:38:36:38:36:38:Infinity":1},"fnNames":{}}},"D:\\Proiecte\\Product Presentation\\src\\app\\page.tsx":{"path":"D:\\Proiecte\\Product Presentation\\src\\app\\page.tsx","statementMap":{"0":{"start":{"line":13,"column":2},"end":{"line":25,"column":null}}},"fnMap":{"0":{"name":"HomePage","decl":{"start":{"line":12,"column":24},"end":{"line":12,"column":35}},"loc":{"start":{"line":12,"column":35},"end":{"line":27,"column":null}},"line":12}},"branchMap":{},"s":{"0":1},"f":{"0":1},"b":{},"meta":{"lastBranch":0,"lastFunction":1,"lastStatement":1,"seen":{"f:12:24:12:35":0,"s:13:2:25:Infinity":0},"fnNames":{}}},"D:\\Proiecte\\Product Presentation\\src\\components\\motion\\AcousticTextWave.tsx":{"path":"D:\\Proiecte\\Product Presentation\\src\\components\\motion\\AcousticTextWave.tsx","statementMap":{"0":{"start":{"line":12,"column":65},"end":{"line":98,"column":null}},"1":{"start":{"line":18,"column":30},"end":{"line":18,"column":null}},"2":{"start":{"line":19,"column":32},"end":{"line":19,"column":null}},"3":{"start":{"line":20,"column":8},"end":{"line":20,"column":null}},"4":{"start":{"line":21,"column":8},"end":{"line":21,"column":null}},"5":{"start":{"line":23,"column":21},"end":{"line":23,"column":null}},"6":{"start":{"line":24,"column":25},"end":{"line":24,"column":null}},"7":{"start":{"line":26,"column":8},"end":{"line":40,"column":null}},"8":{"start":{"line":27,"column":4},"end":{"line":27,"column":null}},"9":{"start":{"line":27,"column":29},"end":{"line":27,"column":null}},"10":{"start":{"line":29,"column":4},"end":{"line":29,"column":null}},"11":{"start":{"line":30,"column":4},"end":{"line":30,"column":null}},"12":{"start":{"line":32,"column":4},"end":{"line":34,"column":null}},"13":{"start":{"line":33,"column":6},"end":{"line":33,"column":null}},"14":{"start":{"line":36,"column":4},"end":{"line":39,"column":null}},"15":{"start":{"line":37,"column":6},"end":{"line":37,"column":null}},"16":{"start":{"line":38,"column":6},"end":{"line":38,"column":null}},"17":{"start":{"line":43,"column":2},"end":{"line":51,"column":null}},"18":{"start":{"line":44,"column":4},"end":{"line":44,"column":null}},"19":{"start":{"line":44,"column":38},"end":{"line":44,"column":null}},"20":{"start":{"line":46,"column":18},"end":{"line":48,"column":null}},"21":{"start":{"line":47,"column":6},"end":{"line":47,"column":null}},"22":{"start":{"line":50,"column":4},"end":{"line":50,"column":null}},"23":{"start":{"line":50,"column":17},"end":{"line":50,"column":null}},"24":{"start":{"line":54,"column":2},"end":{"line":60,"column":null}},"25":{"start":{"line":55,"column":4},"end":{"line":59,"column":null}},"26":{"start":{"line":56,"column":6},"end":{"line":58,"column":null}},"27":{"start":{"line":57,"column":8},"end":{"line":57,"column":null}},"28":{"start":{"line":62,"column":27},"end":{"line":67,"column":null}},"29":{"start":{"line":63,"column":4},"end":{"line":63,"column":null}},"30":{"start":{"line":64,"column":4},"end":{"line":66,"column":null}},"31":{"start":{"line":65,"column":6},"end":{"line":65,"column":null}},"32":{"start":{"line":69,"column":27},"end":{"line":71,"column":null}},"33":{"start":{"line":70,"column":4},"end":{"line":70,"column":null}},"34":{"start":{"line":73,"column":2},"end":{"line":96,"column":null}},"35":{"start":{"line":84,"column":8},"end":{"line":94,"column":null}}},"fnMap":{"0":{"name":"(anonymous_0)","decl":{"start":{"line":12,"column":65},"end":{"line":12,"column":66}},"loc":{"start":{"line":17,"column":6},"end":{"line":98,"column":null}},"line":17},"1":{"name":"(anonymous_1)","decl":{"start":{"line":26,"column":34},"end":{"line":26,"column":40}},"loc":{"start":{"line":26,"column":40},"end":{"line":40,"column":5}},"line":26},"2":{"name":"(anonymous_2)","decl":{"start":{"line":36,"column":38},"end":{"line":36,"column":44}},"loc":{"start":{"line":36,"column":44},"end":{"line":39,"column":7}},"line":36},"3":{"name":"(anonymous_3)","decl":{"start":{"line":43,"column":12},"end":{"line":43,"column":18}},"loc":{"start":{"line":43,"column":18},"end":{"line":51,"column":5}},"line":43},"4":{"name":"(anonymous_4)","decl":{"start":{"line":46,"column":30},"end":{"line":46,"column":36}},"loc":{"start":{"line":46,"column":36},"end":{"line":48,"column":7}},"line":46},"5":{"name":"(anonymous_5)","decl":{"start":{"line":50,"column":11},"end":{"line":50,"column":17}},"loc":{"start":{"line":50,"column":17},"end":{"line":50,"column":null}},"line":50},"6":{"name":"(anonymous_6)","decl":{"start":{"line":54,"column":12},"end":{"line":54,"column":18}},"loc":{"start":{"line":54,"column":18},"end":{"line":60,"column":5}},"line":54},"7":{"name":"(anonymous_7)","decl":{"start":{"line":55,"column":11},"end":{"line":55,"column":17}},"loc":{"start":{"line":55,"column":17},"end":{"line":59,"column":null}},"line":55},"8":{"name":"(anonymous_8)","decl":{"start":{"line":62,"column":27},"end":{"line":62,"column":33}},"loc":{"start":{"line":62,"column":33},"end":{"line":67,"column":null}},"line":62},"9":{"name":"(anonymous_9)","decl":{"start":{"line":69,"column":27},"end":{"line":69,"column":33}},"loc":{"start":{"line":69,"column":33},"end":{"line":71,"column":null}},"line":69},"10":{"name":"(anonymous_10)","decl":{"start":{"line":83,"column":22},"end":{"line":83,"column":23}},"loc":{"start":{"line":84,"column":8},"end":{"line":94,"column":null}},"line":84}},"branchMap":{"0":{"loc":{"start":{"line":14,"column":2},"end":{"line":14,"column":null}},"type":"default-arg","locations":[{"start":{"line":14,"column":15},"end":{"line":14,"column":null}}],"line":14},"1":{"loc":{"start":{"line":15,"column":2},"end":{"line":15,"column":null}},"type":"default-arg","locations":[{"start":{"line":15,"column":19},"end":{"line":15,"column":null}}],"line":15},"2":{"loc":{"start":{"line":16,"column":2},"end":{"line":16,"column":null}},"type":"default-arg","locations":[{"start":{"line":16,"column":14},"end":{"line":16,"column":null}}],"line":16},"3":{"loc":{"start":{"line":27,"column":4},"end":{"line":27,"column":null}},"type":"if","locations":[{"start":{"line":27,"column":4},"end":{"line":27,"column":null}},{"start":{},"end":{}}],"line":27},"4":{"loc":{"start":{"line":32,"column":4},"end":{"line":34,"column":null}},"type":"if","locations":[{"start":{"line":32,"column":4},"end":{"line":34,"column":null}},{"start":{},"end":{}}],"line":32},"5":{"loc":{"start":{"line":44,"column":4},"end":{"line":44,"column":null}},"type":"if","locations":[{"start":{"line":44,"column":4},"end":{"line":44,"column":null}},{"start":{},"end":{}}],"line":44},"6":{"loc":{"start":{"line":44,"column":8},"end":{"line":44,"column":38}},"type":"binary-expr","locations":[{"start":{"line":44,"column":8},"end":{"line":44,"column":27}},{"start":{"line":44,"column":27},"end":{"line":44,"column":38}}],"line":44},"7":{"loc":{"start":{"line":56,"column":6},"end":{"line":58,"column":null}},"type":"if","locations":[{"start":{"line":56,"column":6},"end":{"line":58,"column":null}},{"start":{},"end":{}}],"line":56},"8":{"loc":{"start":{"line":64,"column":4},"end":{"line":66,"column":null}},"type":"if","locations":[{"start":{"line":64,"column":4},"end":{"line":66,"column":null}},{"start":{},"end":{}}],"line":64},"9":{"loc":{"start":{"line":76,"column":8},"end":{"line":76,"column":null}},"type":"cond-expr","locations":[{"start":{"line":76,"column":33},"end":{"line":76,"column":54}},{"start":{"line":76,"column":54},"end":{"line":76,"column":null}}],"line":76},"10":{"loc":{"start":{"line":76,"column":8},"end":{"line":76,"column":33}},"type":"binary-expr","locations":[{"start":{"line":76,"column":8},"end":{"line":76,"column":21}},{"start":{"line":76,"column":21},"end":{"line":76,"column":33}}],"line":76},"11":{"loc":{"start":{"line":87,"column":37},"end":{"line":87,"column":83}},"type":"cond-expr","locations":[{"start":{"line":87,"column":48},"end":{"line":87,"column":81}},{"start":{"line":87,"column":81},"end":{"line":87,"column":83}}],"line":87},"12":{"loc":{"start":{"line":89,"column":28},"end":{"line":89,"column":null}},"type":"cond-expr","locations":[{"start":{"line":89,"column":39},"end":{"line":89,"column":59}},{"start":{"line":89,"column":59},"end":{"line":89,"column":null}}],"line":89},"13":{"loc":{"start":{"line":90,"column":22},"end":{"line":90,"column":null}},"type":"cond-expr","locations":[{"start":{"line":90,"column":37},"end":{"line":90,"column":48}},{"start":{"line":90,"column":48},"end":{"line":90,"column":null}}],"line":90},"14":{"loc":{"start":{"line":93,"column":11},"end":{"line":93,"column":null}},"type":"cond-expr","locations":[{"start":{"line":93,"column":26},"end":{"line":93,"column":37}},{"start":{"line":93,"column":37},"end":{"line":93,"column":null}}],"line":93}},"s":{"0":3,"1":15,"2":15,"3":15,"4":15,"5":15,"6":15,"7":15,"8":3,"9":1,"10":2,"11":2,"12":2,"13":0,"14":2,"15":2,"16":2,"17":15,"18":9,"19":1,"20":8,"21":1,"22":8,"23":8,"24":15,"25":7,"26":7,"27":2,"28":15,"29":2,"30":2,"31":2,"32":15,"33":1,"34":15,"35":235},"f":{"0":15,"1":3,"2":2,"3":9,"4":1,"5":8,"6":7,"7":7,"8":2,"9":1,"10":235},"b":{"0":[15],"1":[15],"2":[15],"3":[1,2],"4":[0,2],"5":[1,8],"6":[9,9],"7":[2,5],"8":[2,0],"9":[1,14],"10":[15,3],"11":[23,212],"12":[23,212],"13":[26,209],"14":[26,209]},"meta":{"lastBranch":15,"lastFunction":11,"lastStatement":36,"seen":{"s:12:65:98:Infinity":0,"f:12:65:12:66":0,"b:14:15:14:Infinity":0,"b:15:19:15:Infinity":1,"b:16:14:16:Infinity":2,"s:18:30:18:Infinity":1,"s:19:32:19:Infinity":2,"s:20:8:20:Infinity":3,"s:21:8:21:Infinity":4,"s:23:21:23:Infinity":5,"s:24:25:24:Infinity":6,"s:26:8:40:Infinity":7,"f:26:34:26:40":1,"b:27:4:27:Infinity:undefined:undefined:undefined:undefined":3,"s:27:4:27:Infinity":8,"s:27:29:27:Infinity":9,"s:29:4:29:Infinity":10,"s:30:4:30:Infinity":11,"b:32:4:34:Infinity:undefined:undefined:undefined:undefined":4,"s:32:4:34:Infinity":12,"s:33:6:33:Infinity":13,"s:36:4:39:Infinity":14,"f:36:38:36:44":2,"s:37:6:37:Infinity":15,"s:38:6:38:Infinity":16,"s:43:2:51:Infinity":17,"f:43:12:43:18":3,"b:44:4:44:Infinity:undefined:undefined:undefined:undefined":5,"s:44:4:44:Infinity":18,"b:44:8:44:27:44:27:44:38":6,"s:44:38:44:Infinity":19,"s:46:18:48:Infinity":20,"f:46:30:46:36":4,"s:47:6:47:Infinity":21,"s:50:4:50:Infinity":22,"f:50:11:50:17":5,"s:50:17:50:Infinity":23,"s:54:2:60:Infinity":24,"f:54:12:54:18":6,"s:55:4:59:Infinity":25,"f:55:11:55:17":7,"b:56:6:58:Infinity:undefined:undefined:undefined:undefined":7,"s:56:6:58:Infinity":26,"s:57:8:57:Infinity":27,"s:62:27:67:Infinity":28,"f:62:27:62:33":8,"s:63:4:63:Infinity":29,"b:64:4:66:Infinity:undefined:undefined:undefined:undefined":8,"s:64:4:66:Infinity":30,"s:65:6:65:Infinity":31,"s:69:27:71:Infinity":32,"f:69:27:69:33":9,"s:70:4:70:Infinity":33,"s:73:2:96:Infinity":34,"b:76:33:76:54:76:54:76:Infinity":9,"b:76:8:76:21:76:21:76:33":10,"f:83:22:83:23":10,"s:84:8:94:Infinity":35,"b:87:48:87:81:87:81:87:83":11,"b:89:39:89:59:89:59:89:Infinity":12,"b:90:37:90:48:90:48:90:Infinity":13,"b:93:26:93:37:93:37:93:Infinity":14},"fnNames":{}}},"D:\\Proiecte\\Product Presentation\\src\\components\\motion\\motion-config.ts":{"path":"D:\\Proiecte\\Product Presentation\\src\\components\\motion\\motion-config.ts","statementMap":{"0":{"start":{"line":25,"column":43},"end":{"line":32,"column":null}}},"fnMap":{},"branchMap":{},"s":{"0":11},"f":{},"b":{},"meta":{"lastBranch":0,"lastFunction":0,"lastStatement":1,"seen":{"s:25:43:32:Infinity":0},"fnNames":{}}},"D:\\Proiecte\\Product Presentation\\src\\components\\motion\\StaggerGroup.tsx":{"path":"D:\\Proiecte\\Product Presentation\\src\\components\\motion\\StaggerGroup.tsx","statementMap":{"0":{"start":{"line":16,"column":57},"end":{"line":41,"column":null}},"1":{"start":{"line":24,"column":16},"end":{"line":24,"column":null}},"2":{"start":{"line":26,"column":2},"end":{"line":39,"column":null}},"3":{"start":{"line":29,"column":8},"end":{"line":37,"column":null}}},"fnMap":{"0":{"name":"(anonymous_0)","decl":{"start":{"line":16,"column":57},"end":{"line":16,"column":58}},"loc":{"start":{"line":23,"column":6},"end":{"line":41,"column":null}},"line":23},"1":{"name":"(anonymous_1)","decl":{"start":{"line":28,"column":17},"end":{"line":28,"column":18}},"loc":{"start":{"line":29,"column":8},"end":{"line":37,"column":null}},"line":29}},"branchMap":{"0":{"loc":{"start":{"line":18,"column":2},"end":{"line":18,"column":null}},"type":"default-arg","locations":[{"start":{"line":18,"column":20},"end":{"line":18,"column":null}}],"line":18},"1":{"loc":{"start":{"line":19,"column":2},"end":{"line":19,"column":null}},"type":"default-arg","locations":[{"start":{"line":19,"column":14},"end":{"line":19,"column":null}}],"line":19},"2":{"loc":{"start":{"line":20,"column":2},"end":{"line":20,"column":null}},"type":"default-arg","locations":[{"start":{"line":20,"column":14},"end":{"line":20,"column":null}}],"line":20},"3":{"loc":{"start":{"line":21,"column":2},"end":{"line":21,"column":null}},"type":"default-arg","locations":[{"start":{"line":21,"column":9},"end":{"line":21,"column":null}}],"line":21},"4":{"loc":{"start":{"line":22,"column":2},"end":{"line":22,"column":null}},"type":"default-arg","locations":[{"start":{"line":22,"column":14},"end":{"line":22,"column":null}}],"line":22}},"s":{"0":3,"1":10,"2":10,"3":52},"f":{"0":10,"1":52},"b":{"0":[10],"1":[10],"2":[10],"3":[10],"4":[10]},"meta":{"lastBranch":5,"lastFunction":2,"lastStatement":4,"seen":{"s:16:57:41:Infinity":0,"f:16:57:16:58":0,"b:18:20:18:Infinity":0,"b:19:14:19:Infinity":1,"b:20:14:20:Infinity":2,"b:21:9:21:Infinity":3,"b:22:14:22:Infinity":4,"s:24:16:24:Infinity":1,"s:26:2:39:Infinity":2,"f:28:17:28:18":1,"s:29:8:37:Infinity":3},"fnNames":{}}},"D:\\Proiecte\\Product Presentation\\src\\components\\motion\\MagneticButton.tsx":{"path":"D:\\Proiecte\\Product Presentation\\src\\components\\motion\\MagneticButton.tsx","statementMap":{"0":{"start":{"line":14,"column":61},"end":{"line":90,"column":null}},"1":{"start":{"line":22,"column":30},"end":{"line":22,"column":null}},"2":{"start":{"line":23,"column":32},"end":{"line":23,"column":null}},"3":{"start":{"line":24,"column":8},"end":{"line":24,"column":null}},"4":{"start":{"line":26,"column":24},"end":{"line":26,"column":null}},"5":{"start":{"line":28,"column":26},"end":{"line":42,"column":null}},"6":{"start":{"line":29,"column":17},"end":{"line":29,"column":null}},"7":{"start":{"line":30,"column":4},"end":{"line":30,"column":null}},"8":{"start":{"line":30,"column":15},"end":{"line":30,"column":null}},"9":{"start":{"line":32,"column":17},"end":{"line":32,"column":null}},"10":{"start":{"line":33,"column":20},"end":{"line":33,"column":null}},"11":{"start":{"line":34,"column":20},"end":{"line":34,"column":null}},"12":{"start":{"line":37,"column":30},"end":{"line":37,"column":null}},"13":{"start":{"line":38,"column":19},"end":{"line":38,"column":null}},"14":{"start":{"line":39,"column":19},"end":{"line":39,"column":null}},"15":{"start":{"line":41,"column":4},"end":{"line":41,"column":null}},"16":{"start":{"line":44,"column":27},"end":{"line":46,"column":null}},"17":{"start":{"line":45,"column":4},"end":{"line":45,"column":null}},"18":{"start":{"line":48,"column":27},"end":{"line":51,"column":null}},"19":{"start":{"line":49,"column":4},"end":{"line":49,"column":null}},"20":{"start":{"line":50,"column":4},"end":{"line":50,"column":null}},"21":{"start":{"line":53,"column":2},"end":{"line":88,"column":null}}},"fnMap":{"0":{"name":"(anonymous_0)","decl":{"start":{"line":14,"column":61},"end":{"line":14,"column":62}},"loc":{"start":{"line":21,"column":6},"end":{"line":90,"column":null}},"line":21},"1":{"name":"(anonymous_1)","decl":{"start":{"line":28,"column":26},"end":{"line":28,"column":27}},"loc":{"start":{"line":28,"column":67},"end":{"line":42,"column":null}},"line":28},"2":{"name":"(anonymous_2)","decl":{"start":{"line":44,"column":27},"end":{"line":44,"column":33}},"loc":{"start":{"line":44,"column":33},"end":{"line":46,"column":null}},"line":44},"3":{"name":"(anonymous_3)","decl":{"start":{"line":48,"column":27},"end":{"line":48,"column":33}},"loc":{"start":{"line":48,"column":33},"end":{"line":51,"column":null}},"line":48}},"branchMap":{"0":{"loc":{"start":{"line":16,"column":2},"end":{"line":16,"column":null}},"type":"default-arg","locations":[{"start":{"line":16,"column":13},"end":{"line":16,"column":null}}],"line":16},"1":{"loc":{"start":{"line":17,"column":2},"end":{"line":17,"column":null}},"type":"default-arg","locations":[{"start":{"line":17,"column":24},"end":{"line":17,"column":null}}],"line":17},"2":{"loc":{"start":{"line":18,"column":2},"end":{"line":18,"column":null}},"type":"default-arg","locations":[{"start":{"line":18,"column":16},"end":{"line":18,"column":null}}],"line":18},"3":{"loc":{"start":{"line":19,"column":2},"end":{"line":19,"column":null}},"type":"default-arg","locations":[{"start":{"line":19,"column":14},"end":{"line":19,"column":null}}],"line":19},"4":{"loc":{"start":{"line":26,"column":24},"end":{"line":26,"column":null}},"type":"binary-expr","locations":[{"start":{"line":26,"column":24},"end":{"line":26,"column":39}},{"start":{"line":26,"column":39},"end":{"line":26,"column":null}}],"line":26},"5":{"loc":{"start":{"line":30,"column":4},"end":{"line":30,"column":null}},"type":"if","locations":[{"start":{"line":30,"column":4},"end":{"line":30,"column":null}},{"start":{},"end":{}}],"line":30},"6":{"loc":{"start":{"line":64,"column":20},"end":{"line":66,"column":null}},"type":"cond-expr","locations":[{"start":{"line":65,"column":12},"end":{"line":65,"column":null}},{"start":{"line":66,"column":12},"end":{"line":66,"column":null}}],"line":64},"7":{"loc":{"start":{"line":73,"column":10},"end":{"line":75,"column":null}},"type":"cond-expr","locations":[{"start":{"line":74,"column":14},"end":{"line":74,"column":null}},{"start":{"line":75,"column":14},"end":{"line":75,"column":null}}],"line":73},"8":{"loc":{"start":{"line":74,"column":40},"end":{"line":74,"column":73}},"type":"cond-expr","locations":[{"start":{"line":74,"column":52},"end":{"line":74,"column":71}},{"start":{"line":74,"column":71},"end":{"line":74,"column":73}}],"line":74},"9":{"loc":{"start":{"line":79,"column":10},"end":{"line":83,"column":null}},"type":"cond-expr","locations":[{"start":{"line":80,"column":15},"end":{"line":82,"column":null}},{"start":{"line":83,"column":14},"end":{"line":83,"column":null}}],"line":79},"10":{"loc":{"start":{"line":81,"column":33},"end":{"line":81,"column":null}},"type":"cond-expr","locations":[{"start":{"line":81,"column":45},"end":{"line":81,"column":52}},{"start":{"line":81,"column":52},"end":{"line":81,"column":null}}],"line":81}},"s":{"0":3,"1":13,"2":13,"3":13,"4":13,"5":13,"6":1,"7":1,"8":0,"9":1,"10":1,"11":1,"12":1,"13":1,"14":1,"15":1,"16":13,"17":2,"18":13,"19":1,"20":1,"21":13},"f":{"0":13,"1":1,"2":2,"3":1},"b":{"0":[13],"1":[13],"2":[13],"3":[13],"4":[13,2],"5":[0,1],"6":[3,10],"7":[2,11],"8":[1,1],"9":[2,11],"10":[1,1]},"meta":{"lastBranch":11,"lastFunction":4,"lastStatement":22,"seen":{"s:14:61:90:Infinity":0,"f:14:61:14:62":0,"b:16:13:16:Infinity":0,"b:17:24:17:Infinity":1,"b:18:16:18:Infinity":2,"b:19:14:19:Infinity":3,"s:22:30:22:Infinity":1,"s:23:32:23:Infinity":2,"s:24:8:24:Infinity":3,"s:26:24:26:Infinity":4,"b:26:24:26:39:26:39:26:Infinity":4,"s:28:26:42:Infinity":5,"f:28:26:28:27":1,"s:29:17:29:Infinity":6,"b:30:4:30:Infinity:undefined:undefined:undefined:undefined":5,"s:30:4:30:Infinity":7,"s:30:15:30:Infinity":8,"s:32:17:32:Infinity":9,"s:33:20:33:Infinity":10,"s:34:20:34:Infinity":11,"s:37:30:37:Infinity":12,"s:38:19:38:Infinity":13,"s:39:19:39:Infinity":14,"s:41:4:41:Infinity":15,"s:44:27:46:Infinity":16,"f:44:27:44:33":2,"s:45:4:45:Infinity":17,"s:48:27:51:Infinity":18,"f:48:27:48:33":3,"s:49:4:49:Infinity":19,"s:50:4:50:Infinity":20,"s:53:2:88:Infinity":21,"b:65:12:65:Infinity:66:12:66:Infinity":6,"b:74:14:74:Infinity:75:14:75:Infinity":7,"b:74:52:74:71:74:71:74:73":8,"b:80:15:82:Infinity:83:14:83:Infinity":9,"b:81:45:81:52:81:52:81:Infinity":10},"fnNames":{}}},"D:\\Proiecte\\Product Presentation\\src\\components\\presentation\\AncModeSelector.tsx":{"path":"D:\\Proiecte\\Product Presentation\\src\\components\\presentation\\AncModeSelector.tsx","statementMap":{"0":{"start":{"line":11,"column":45},"end":{"line":30,"column":null}},"1":{"start":{"line":38,"column":63},"end":{"line":78,"column":null}},"2":{"start":{"line":43,"column":2},"end":{"line":76,"column":null}},"3":{"start":{"line":46,"column":8},"end":{"line":74,"column":null}},"4":{"start":{"line":48,"column":25},"end":{"line":48,"column":null}}},"fnMap":{"0":{"name":"(anonymous_0)","decl":{"start":{"line":38,"column":63},"end":{"line":38,"column":64}},"loc":{"start":{"line":42,"column":6},"end":{"line":78,"column":null}},"line":42},"1":{"name":"(anonymous_1)","decl":{"start":{"line":45,"column":24},"end":{"line":45,"column":25}},"loc":{"start":{"line":46,"column":8},"end":{"line":74,"column":null}},"line":46},"2":{"name":"(anonymous_2)","decl":{"start":{"line":48,"column":19},"end":{"line":48,"column":25}},"loc":{"start":{"line":48,"column":25},"end":{"line":48,"column":null}},"line":48}},"branchMap":{"0":{"loc":{"start":{"line":41,"column":2},"end":{"line":41,"column":null}},"type":"default-arg","locations":[{"start":{"line":41,"column":14},"end":{"line":41,"column":null}}],"line":41},"1":{"loc":{"start":{"line":50,"column":12},"end":{"line":52,"column":null}},"type":"cond-expr","locations":[{"start":{"line":51,"column":16},"end":{"line":51,"column":null}},{"start":{"line":52,"column":16},"end":{"line":52,"column":null}}],"line":50},"2":{"loc":{"start":{"line":61,"column":13},"end":{"line":62,"column":null}},"type":"binary-expr","locations":[{"start":{"line":61,"column":13},"end":{"line":61,"column":null}},{"start":{"line":62,"column":14},"end":{"line":62,"column":null}}],"line":61},"3":{"loc":{"start":{"line":66,"column":16},"end":{"line":68,"column":null}},"type":"cond-expr","locations":[{"start":{"line":67,"column":20},"end":{"line":67,"column":null}},{"start":{"line":68,"column":20},"end":{"line":68,"column":null}}],"line":66},"4":{"loc":{"start":{"line":71,"column":15},"end":{"line":71,"column":null}},"type":"cond-expr","locations":[{"start":{"line":71,"column":37},"end":{"line":71,"column":47}},{"start":{"line":71,"column":47},"end":{"line":71,"column":null}}],"line":71},"5":{"loc":{"start":{"line":71,"column":47},"end":{"line":71,"column":null}},"type":"cond-expr","locations":[{"start":{"line":71,"column":72},"end":{"line":71,"column":82}},{"start":{"line":71,"column":82},"end":{"line":71,"column":null}}],"line":71}},"s":{"0":3,"1":3,"2":10,"3":30,"4":4},"f":{"0":10,"1":30,"2":4},"b":{"0":[10],"1":[10,20],"2":[30,10],"3":[10,20],"4":[10,20],"5":[10,10]},"meta":{"lastBranch":6,"lastFunction":3,"lastStatement":5,"seen":{"s:11:45:30:Infinity":0,"s:38:63:78:Infinity":1,"f:38:63:38:64":0,"b:41:14:41:Infinity":0,"s:43:2:76:Infinity":2,"f:45:24:45:25":1,"s:46:8:74:Infinity":3,"f:48:19:48:25":2,"s:48:25:48:Infinity":4,"b:51:16:51:Infinity:52:16:52:Infinity":1,"b:61:13:61:Infinity:62:14:62:Infinity":2,"b:67:20:67:Infinity:68:20:68:Infinity":3,"b:71:37:71:47:71:47:71:Infinity":4,"b:71:72:71:82:71:82:71:Infinity":5},"fnNames":{}}},"D:\\Proiecte\\Product Presentation\\src\\components\\presentation\\BentoCard.tsx":{"path":"D:\\Proiecte\\Product Presentation\\src\\components\\presentation\\BentoCard.tsx","statementMap":{"0":{"start":{"line":20,"column":51},"end":{"line":86,"column":null}},"1":{"start":{"line":31,"column":2},"end":{"line":84,"column":null}},"2":{"start":{"line":67,"column":12},"end":{"line":74,"column":null}}},"fnMap":{"0":{"name":"(anonymous_0)","decl":{"start":{"line":20,"column":51},"end":{"line":20,"column":52}},"loc":{"start":{"line":30,"column":6},"end":{"line":86,"column":null}},"line":30},"1":{"name":"(anonymous_1)","decl":{"start":{"line":66,"column":21},"end":{"line":66,"column":22}},"loc":{"start":{"line":67,"column":12},"end":{"line":74,"column":null}},"line":67}},"branchMap":{"0":{"loc":{"start":{"line":28,"column":2},"end":{"line":28,"column":null}},"type":"default-arg","locations":[{"start":{"line":28,"column":14},"end":{"line":28,"column":null}}],"line":28},"1":{"loc":{"start":{"line":54,"column":11},"end":{"line":57,"column":null}},"type":"binary-expr","locations":[{"start":{"line":54,"column":11},"end":{"line":54,"column":null}},{"start":{"line":55,"column":12},"end":{"line":57,"column":null}}],"line":54},"2":{"loc":{"start":{"line":64,"column":7},"end":{"line":76,"column":null}},"type":"binary-expr","locations":[{"start":{"line":64,"column":7},"end":{"line":64,"column":16}},{"start":{"line":64,"column":16},"end":{"line":64,"column":null}},{"start":{"line":65,"column":8},"end":{"line":76,"column":null}}],"line":64},"3":{"loc":{"start":{"line":79,"column":7},"end":{"line":82,"column":null}},"type":"binary-expr","locations":[{"start":{"line":79,"column":7},"end":{"line":79,"column":null}},{"start":{"line":80,"column":8},"end":{"line":82,"column":null}}],"line":79}},"s":{"0":3,"1":11,"2":8},"f":{"0":11,"1":8},"b":{"0":[11],"1":[11,2],"2":[11,3,3],"3
[...]
"name":"useReviewsData","decl":{"start":{"line":68,"column":16},"end":{"line":68,"column":31}},"loc":{"start":{"line":68,"column":88},"end":{"line":75,"column":null}},"line":68},"5":{"name":"usePreorderMutation","decl":{"start":{"line":77,"column":16},"end":{"line":77,"column":38}},"loc":{"start":{"line":77,"column":38},"end":{"line":81,"column":null}},"line":77}},"branchMap":{"0":{"loc":{"start":{"line":6,"column":2},"end":{"line":8,"column":null}},"type":"if","locations":[{"start":{"line":6,"column":2},"end":{"line":8,"column":null}},{"start":{},"end":{}}],"line":6},"1":{"loc":{"start":{"line":14,"column":2},"end":{"line":16,"column":null}},"type":"if","locations":[{"start":{"line":14,"column":2},"end":{"line":16,"column":null}},{"start":{},"end":{}}],"line":14},"2":{"loc":{"start":{"line":53,"column":2},"end":{"line":55,"column":null}},"type":"if","locations":[{"start":{"line":53,"column":2},"end":{"line":55,"column":null}},{"start":{},"end":{}}],"line":53},"3":{"loc":{"start":{"line":63,"column":8},"end":{"line":63,"column":null}},"type":"cond-expr","locations":[{"start":{"line":63,"column":39},"end":{"line":63,"column":66}},{"start":{"line":63,"column":66},"end":{"line":63,"column":null}}],"line":63},"4":{"loc":{"start":{"line":72,"column":8},"end":{"line":72,"column":null}},"type":"cond-expr","locations":[{"start":{"line":72,"column":39},"end":{"line":72,"column":66}},{"start":{"line":72,"column":66},"end":{"line":72,"column":null}}],"line":72}},"s":{"0":2,"1":2,"2":1,"3":1,"4":5,"5":5,"6":0,"7":5,"8":3,"9":3,"10":1,"11":2,"12":4,"13":14,"14":24},"f":{"0":2,"1":5,"2":3,"3":4,"4":14,"5":24},"b":{"0":[1,1],"1":[0,5],"2":[1,2],"3":[4,0],"4":[2,12]},"meta":{"lastBranch":5,"lastFunction":6,"lastStatement":15,"seen":{"f:4:15:4:59":0,"s:5:14:5:Infinity":0,"b:6:2:8:Infinity:undefined:undefined:undefined:undefined":0,"s:6:2:8:Infinity":1,"s:7:4:7:Infinity":2,"s:9:2:9:Infinity":3,"f:12:15:12:57":1,"s:13:14:13:Infinity":4,"b:14:2:16:Infinity:undefined:undefined:undefined:undefined":1,"s:14:2:16:Infinity":5,"s:15:4:15:Infinity":6,"s:17:2:17:Infinity":7,"f:47:15:47:30":2,"s:48:14:52:Infinity":8,"b:53:2:55:Infinity:undefined:undefined:undefined:undefined":2,"s:53:2:55:Infinity":9,"s:54:4:54:Infinity":10,"s:56:2:56:Infinity":11,"f:59:16:59:31":3,"s:60:2:65:Infinity":12,"b:63:39:63:66:63:66:63:Infinity":3,"f:68:16:68:31":4,"s:69:2:74:Infinity":13,"b:72:39:72:66:72:66:72:Infinity":4,"f:77:16:77:38":5,"s:78:2:80:Infinity":14},"fnNames":{}}},"D:\\Proiecte\\Product Presentation\\src\\components\\ui\\TrustBadgeBar.tsx":{"path":"D:\\Proiecte\\Product Presentation\\src\\components\\ui\\TrustBadgeBar.tsx","statementMap":{"0":{"start":{"line":14,"column":45},"end":{"line":27,"column":null}},"1":{"start":{"line":29,"column":59},"end":{"line":46,"column":null}},"2":{"start":{"line":33,"column":2},"end":{"line":44,"column":null}},"3":{"start":{"line":39,"column":8},"end":{"line":42,"column":null}}},"fnMap":{"0":{"name":"(anonymous_0)","decl":{"start":{"line":29,"column":59},"end":{"line":29,"column":60}},"loc":{"start":{"line":32,"column":6},"end":{"line":46,"column":null}},"line":32},"1":{"name":"(anonymous_1)","decl":{"start":{"line":38,"column":17},"end":{"line":38,"column":18}},"loc":{"start":{"line":39,"column":8},"end":{"line":42,"column":null}},"line":39}},"branchMap":{"0":{"loc":{"start":{"line":30,"column":2},"end":{"line":30,"column":null}},"type":"default-arg","locations":[{"start":{"line":30,"column":10},"end":{"line":30,"column":null}}],"line":30},"1":{"loc":{"start":{"line":31,"column":2},"end":{"line":31,"column":null}},"type":"default-arg","locations":[{"start":{"line":31,"column":14},"end":{"line":31,"column":null}}],"line":31}},"s":{"0":3,"1":3,"2":14,"3":41},"f":{"0":14,"1":41},"b":{"0":[14],"1":[14]},"meta":{"lastBranch":2,"lastFunction":2,"lastStatement":4,"seen":{"s:14:45:27:Infinity":0,"s:29:59:46:Infinity":1,"f:29:59:29:60":0,"b:30:10:30:Infinity":0,"b:31:14:31:Infinity":1,"s:33:2:44:Infinity":2,"f:38:17:38:18":1,"s:39:8:42:Infinity":3},"fnNames":{}}},"D:\\Proiecte\\Product Presentation\\src\\hooks\\usePerformanceTier.ts":{"path":"D:\\Proiecte\\Product Presentation\\src\\hooks\\usePerformanceTier.ts","statementMap":{"0":{"start":{"line":14,"column":2},"end":{"line":22,"column":null}},"1":{"start":{"line":15,"column":4},"end":{"line":21,"column":null}},"2":{"start":{"line":24,"column":14},"end":{"line":24,"column":null}},"3":{"start":{"line":29,"column":23},"end":{"line":29,"column":null}},"4":{"start":{"line":30,"column":30},"end":{"line":30,"column":null}},"5":{"start":{"line":31,"column":19},"end":{"line":31,"column":null}},"6":{"start":{"line":33,"column":21},"end":{"line":33,"column":null}},"7":{"start":{"line":34,"column":31},"end":{"line":34,"column":null}},"8":{"start":{"line":37,"column":4},"end":{"line":40,"column":null}},"9":{"start":{"line":42,"column":2},"end":{"line":48,"column":null}},"10":{"start":{"line":52,"column":30},"end":{"line":52,"column":null}},"11":{"start":{"line":54,"column":2},"end":{"line":86,"column":null}},"12":{"start":{"line":55,"column":4},"end":{"line":55,"column":null}},"13":{"start":{"line":55,"column":82},"end":{"line":55,"column":null}},"14":{"start":{"line":57,"column":23},"end":{"line":57,"column":null}},"15":{"start":{"line":59,"column":31},"end":{"line":70,"column":null}},"16":{"start":{"line":60,"column":28},"end":{"line":60,"column":null}},"17":{"start":{"line":61,"column":6},"end":{"line":69,"column":null}},"18":{"start":{"line":61,"column":29},"end":{"line":69,"column":8}},"19":{"start":{"line":72,"column":4},"end":{"line":77,"column":null}},"20":{"start":{"line":73,"column":6},"end":{"line":73,"column":null}},"21":{"start":{"line":74,"column":4},"end":{"line":77,"column":null}},"22":{"start":{"line":76,"column":6},"end":{"line":76,"column":null}},"23":{"start":{"line":79,"column":4},"end":{"line":85,"column":null}},"24":{"start":{"line":80,"column":6},"end":{"line":84,"column":null}},"25":{"start":{"line":81,"column":8},"end":{"line":81,"column":null}},"26":{"start":{"line":82,"column":6},"end":{"line":84,"column":null}},"27":{"start":{"line":83,"column":8},"end":{"line":83,"column":null}},"28":{"start":{"line":88,"column":2},"end":{"line":88,"column":null}}},"fnMap":{"0":{"name":"readHardwareState","decl":{"start":{"line":13,"column":9},"end":{"line":13,"column":50}},"loc":{"start":{"line":13,"column":50},"end":{"line":49,"column":null}},"line":13},"1":{"name":"usePerformanceTier","decl":{"start":{"line":51,"column":16},"end":{"line":51,"column":58}},"loc":{"start":{"line":51,"column":58},"end":{"line":89,"column":null}},"line":51},"2":{"name":"(anonymous_2)","decl":{"start":{"line":54,"column":12},"end":{"line":54,"column":18}},"loc":{"start":{"line":54,"column":18},"end":{"line":86,"column":5}},"line":54},"3":{"name":"(anonymous_3)","decl":{"start":{"line":59,"column":31},"end":{"line":59,"column":32}},"loc":{"start":{"line":59,"column":63},"end":{"line":70,"column":null}},"line":59},"4":{"name":"(anonymous_4)","decl":{"start":{"line":61,"column":18},"end":{"line":61,"column":19}},"loc":{"start":{"line":61,"column":29},"end":{"line":69,"column":8}},"line":61},"5":{"name":"(anonymous_5)","decl":{"start":{"line":79,"column":11},"end":{"line":79,"column":17}},"loc":{"start":{"line":79,"column":17},"end":{"line":85,"column":null}},"line":79}},"branchMap":{"0":{"loc":{"start":{"line":14,"column":2},"end":{"line":22,"column":null}},"type":"if","locations":[{"start":{"line":14,"column":2},"end":{"line":22,"column":null}},{"start":{},"end":{}}],"line":14},"1":{"loc":{"start":{"line":29,"column":23},"end":{"line":29,"column":null}},"type":"cond-expr","locations":[{"start":{"line":29,"column":62},"end":{"line":29,"column":81}},{"start":{"line":29,"column":81},"end":{"line":29,"column":null}}],"line":29},"2":{"loc":{"start":{"line":30,"column":30},"end":{"line":30,"column":null}},"type":"cond-expr","locations":[{"start":{"line":30,"column":76},"end":{"line":30,"column":102}},{"start":{"line":30,"column":102},"end":{"line":30,"column":null}}],"line":30},"3":{"loc":{"start":{"line":33,"column":21},"end":{"line":33,"column":null}},"type":"cond-expr","locations":[{"start":{"line":33,"column":63},"end":{"line":33,"column":119}},{"start":{"line":33,"column":119},"end":{"line":33,"column":null}}],"line":33},"4":{"loc":{"start":{"line":37,"column":4},"end":{"line":40,"column":null}},"type":"binary-expr","locations":[{"start":{"line":37,"column":4},"end":{"line":37,"column":null}},{"start":{"line":38,"column":4},"end":{"line":38,"column":null}},{"start":{"line":39,"column":5},"end":{"line":39,"column":30}},{"start":{"line":39,"column":30},"end":{"line":39,"column":null}},{"start":{"line":40,"column":5},"end":{"line":40,"column":37}},{"start":{"line":40,"column":37},"end":{"line":40,"column":null}}],"line":37},"5":{"loc":{"start":{"line":55,"column":4},"end":{"line":55,"column":null}},"type":"if","locations":[{"start":{"line":55,"column":4},"end":{"line":55,"column":null}},{"start":{},"end":{}}],"line":55},"6":{"loc":{"start":{"line":55,"column":8},"end":{"line":55,"column":82}},"type":"binary-expr","locations":[{"start":{"line":55,"column":8},"end":{"line":55,"column":41}},{"start":{"line":55,"column":41},"end":{"line":55,"column":82}}],"line":55},"7":{"loc":{"start":{"line":65,"column":10},"end":{"line":68,"column":null}},"type":"binary-expr","locations":[{"start":{"line":65,"column":10},"end":{"line":65,"column":null}},{"start":{"line":66,"column":10},"end":{"line":66,"column":null}},{"start":{"line":67,"column":11},"end":{"line":67,"column":41}},{"start":{"line":67,"column":41},"end":{"line":67,"column":null}},{"start":{"line":68,"column":11},"end":{"line":68,"column":48}},{"start":{"line":68,"column":48},"end":{"line":68,"column":null}}],"line":65},"8":{"loc":{"start":{"line":72,"column":4},"end":{"line":77,"column":null}},"type":"if","locations":[{"start":{"line":72,"column":4},"end":{"line":77,"column":null}},{"start":{"line":74,"column":4},"end":{"line":77,"column":null}}],"line":72},"9":{"loc":{"start":{"line":74,"column":4},"end":{"line":77,"column":null}},"type":"if","locations":[{"start":{"line":74,"column":4},"end":{"line":77,"column":null}},{"start":{},"end":{}}],"line":74},"10":{"loc":{"start":{"line":80,"column":6},"end":{"line":84,"column":null}},"type":"if","locations":[{"start":{"line":80,"column":6},"end":{"line":84,"column":null}},{"start":{"line":82,"column":6},"end":{"line":84,"column":null}}],"line":80},"11":{"loc":{"start":{"line":82,"column":6},"end":{"line":84,"column":null}},"type":"if","locations":[{"start":{"line":82,"column":6},"end":{"line":84,"column":null}},{"start":{},"end":{}}],"line":82}},"s":{"0":7,"1":0,"2":7,"3":7,"4":7,"5":7,"6":7,"7":7,"8":7,"9":7,"10":8,"11":8,"12":7,"13":0,"14":7,"15":7,"16":1,"17":1,"18":1,"19":7,"20":6,"21":1,"22":1,"23":7,"24":7,"25":6,"26":1,"27":1,"28":8},"f":{"0":7,"1":8,"2":7,"3":1,"4":1,"5":7},"b":{"0":[0,7],"1":[7,0],"2":[7,0],"3":[7,0],"4":[7,6,5,5,4,4],"5":[0,7],"6":[7,7],"7":[1,0,0,0,0,0],"8":[6,1],"9":[1,0],"10":[6,1],"11":[1,0]},"meta":{"lastBranch":12,"lastFunction":6,"lastStatement":29,"seen":{"f:13:9:13:50":0,"b:14:2:22:Infinity:undefined:undefined:undefined:undefined":0,"s:14:2:22:Infinity":0,"s:15:4:21:Infinity":1,"s:24:14:24:Infinity":2,"s:29:23:29:Infinity":3,"b:29:62:29:81:29:81:29:Infinity":1,"s:30:30:30:Infinity":4,"b:30:76:30:102:30:102:30:Infinity":2,"s:31:19:31:Infinity":5,"s:33:21:33:Infinity":6,"b:33:63:33:119:33:119:33:Infinity":3,"s:34:31:34:Infinity":7,"s:37:4:40:Infinity":8,"b:37:4:37:Infinity:38:4:38:Infinity:39:5:39:30:39:30:39:Infinity:40:5:40:37:40:37:40:Infinity":4,"s:42:2:48:Infinity":9,"f:51:16:51:58":1,"s:52:30:52:Infinity":10,"s:54:2:86:Infinity":11,"f:54:12:54:18":2,"b:55:4:55:Infinity:undefined:undefined:undefined:undefined":5,"s:55:4:55:Infinity":12,"b:55:8:55:41:55:41:55:82":6,"s:55:82:55:Infinity":13,"s:57:23:57:Infinity":14,"s:59:31:70:Infinity":15,"f:59:31:59:32":3,"s:60:28:60:Infinity":16,"s:61:6:69:Infinity":17,"f:61:18:61:19":4,"s:61:29:69:8":18,"b:65:10:65:Infinity:66:10:66:Infinity:67:11:67:41:67:41:67:Infinity:68:11:68:48:68:48:68:Infinity":7,"b:72:4:77:Infinity:74:4:77:Infinity":8,"s:72:4:77:Infinity":19,"s:73:6:73:Infinity":20,"b:74:4:77:Infinity:undefined:undefined:undefined:undefined":9,"s:74:4:77:Infinity":21,"s:76:6:76:Infinity":22,"s:79:4:85:Infinity":23,"f:79:11:79:17":5,"b:80:6:84:Infinity:82:6:84:Infinity":10,"s:80:6:84:Infinity":24,"s:81:8:81:Infinity":25,"b:82:6:84:Infinity:undefined:undefined:undefined:undefined":11,"s:82:6:84:Infinity":26,"s:83:8:83:Infinity":27,"s:88:2:88:Infinity":28},"fnNames":{}}},"D:\\Proiecte\\Product Presentation\\src\\stores\\useProductStore.ts":{"path":"D:\\Proiecte\\Product Presentation\\src\\stores\\useProductStore.ts","statementMap":{"0":{"start":{"line":18,"column":66},"end":{"line":51,"column":null}},"1":{"start":{"line":86,"column":57},"end":{"line":86,"column":null}},"2":{"start":{"line":88,"column":21},"end":{"line":101,"column":null}},"3":{"start":{"line":103,"column":13},"end":{"line":122,"column":null}},"4":{"start":{"line":103,"column":62},"end":{"line":122,"column":2}},"5":{"start":{"line":106,"column":31},"end":{"line":106,"column":null}},"6":{"start":{"line":107,"column":39},"end":{"line":107,"column":null}},"7":{"start":{"line":108,"column":23},"end":{"line":108,"column":null}},"8":{"start":{"line":109,"column":27},"end":{"line":109,"column":null}},"9":{"start":{"line":110,"column":27},"end":{"line":110,"column":null}},"10":{"start":{"line":111,"column":23},"end":{"line":111,"column":null}},"11":{"start":{"line":111,"column":39},"end":{"line":111,"column":83}},"12":{"start":{"line":112,"column":37},"end":{"line":112,"column":null}},"13":{"start":{"line":113,"column":24},"end":{"line":113,"column":null}},"14":{"start":{"line":113,"column":40},"end":{"line":113,"column":80}},"15":{"start":{"line":114,"column":28},"end":{"line":114,"column":null}},"16":{"start":{"line":114,"column":44},"end":{"line":114,"column":84}},"17":{"start":{"line":115,"column":35},"end":{"line":115,"column":null}},"18":{"start":{"line":116,"column":39},"end":{"line":116,"column":null}},"19":{"start":{"line":117,"column":24},"end":{"line":117,"column":null}},"20":{"start":{"line":117,"column":40},"end":{"line":117,"column":92}},"21":{"start":{"line":118,"column":51},"end":{"line":118,"column":null}},"22":{"start":{"line":119,"column":29},"end":{"line":119,"column":null}},"23":{"start":{"line":120,"column":39},"end":{"line":120,"column":null}},"24":{"start":{"line":121,"column":27},"end":{"line":121,"column":null}}},"fnMap":{"0":{"name":"(anonymous_0)","decl":{"start":{"line":103,"column":52},"end":{"line":103,"column":53}},"loc":{"start":{"line":103,"column":62},"end":{"line":122,"column":2}},"line":103},"1":{"name":"(anonymous_1)","decl":{"start":{"line":106,"column":12},"end":{"line":106,"column":13}},"loc":{"start":{"line":106,"column":31},"end":{"line":106,"column":null}},"line":106},"2":{"name":"(anonymous_2)","decl":{"start":{"line":107,"column":20},"end":{"line":107,"column":21}},"loc":{"start":{"line":107,"column":39},"end":{"line":107,"column":null}},"line":107},"3":{"name":"(anonymous_3)","decl":{"start":{"line":108,"column":12},"end":{"line":108,"column":13}},"loc":{"start":{"line":108,"column":23},"end":{"line":108,"column":null}},"line":108},"4":{"name":"(anonymous_4)","decl":{"start":{"line":109,"column":16},"end":{"line":109,"column":17}},"loc":{"start":{"line":109,"column":27},"end":{"line":109,"column":null}},"line":109},"5":{"name":"(anonymous_5)","decl":{"start":{"line":110,"column":14},"end":{"line":110,"column":15}},"loc":{"start":{"line":110,"column":27},"end":{"line":110,"column":null}},"line":110},"6":{"name":"(anonymous_6)","decl":{"start":{"line":111,"column":17},"end":{"line":111,"column":23}},"loc":{"start":{"line":111,"column":23},"end":{"line":111,"column":null}},"line":111},"7":{"name":"(anonymous_7)","decl":{"start":{"line":111,"column":27},"end":{"line":111,"column":28}},"loc":{"start":{"line":111,"column":39},"end":{"line":111,"column":83}},"line":111},"8":{"name":"(anonymous_8)","decl":{"start":{"line":112,"column":19},"end":{"line":112,"column":20}},"loc":{"start":{"line":112,"column":37},"end":{"line":112,"column":null}},"line":112},"9":{"name":"(anonymous_9)","decl":{"start":{"line":113,"column":18},"end":{"line":113,"column":24}},"loc":{"start":{"line":113,"column":24},"end":{"line":113,"column":null}},"line":113},"10":{"name":"(anonymous_10)","decl":{"start":{"line":113,"column":28},"end":{"line":113,"column":29}},"loc":{"start":{"line":113,"column":40},"end":{"line":113,"column":80}},"line":113},"11":{"name":"(anonymous_11)","decl":{"start":{"line":114,"column":22},"end":{"line":114,"column":28}},"loc":{"start":{"line":114,"column":28},"end":{"line":114,"column":null}},"line":114},"12":{"name":"(anonymous_12)","decl":{"start":{"line":114,"column":32},"end":{"line":114,"column":33}},"loc":{"start":{"line":114,"column":44},"end":{"line":114,"column":84}},"line":114},"13":{"name":"(anonymous_13)","decl":{"start":{"line":115,"column":17},"end":{"line":115,"column":18}},"loc":{"start":{"line":115,"column":35},"end":{"line":115,"column":null}},"line":115},"14":{"name":"(anonymous_14)","decl":{"start":{"line":116,"column":20},"end":{"line":116,"column":21}},"loc":{"start":{"line":116,"column":39},"end":{"line":116,"column":null}},"line":116},"15":{"name":"(anonymous_15)","decl":{"start":{"line":117,"column":18},"end":{"line":117,"column":24}},"loc":{"start":{"line":117,"column":24},"end":{"line":117,"column":null}},"line":117},"16":{"name":"(anonymous_16)","decl":{"start":{"line":117,"column":28},"end":{"line":117,"column":29}},"loc":{"start":{"line":117,"column":40},"end":{"line":117,"column":92}},"line":117},"17":{"name":"(anonymous_17)","decl":{"start":{"line":118,"column":26},"end":{"line":118,"column":27}},"loc":{"start":{"line":118,"column":51},"end":{"line":118,"column":null}},"line":118},"18":{"name":"(anonymous_18)","decl":{"start":{"line":119,"column":15},"end":{"line":119,"column":16}},"loc":{"start":{"line":119,"column":29},"end":{"line":119,"column":null}},"line":119},"19":{"name":"(anonymous_19)","decl":{"start":{"line":120,"column":20},"end":{"line":120,"column":21}},"loc":{"start":{"line":120,"column":39},"end":{"line":120,"column":null}},"line":120},"20":{"name":"(anonymous_20)","decl":{"start":{"line":121,"column":21},"end":{"line":121,"column":27}},"loc":{"start":{"line":121,"column":27},"end":{"line":121,"column":null}},"line":121}},"branchMap":{},"s":{"0":8,"1":8,"2":8,"3":8,"4":8,"5":2,"6":5,"7":1,"8":1,"9":2,"10":2,"11":2,"12":2,"13":2,"14":2,"15":1,"16":1,"17":15,"18":2,"19":1,"20":1,"21":2,"22":4,"23":1,"24":39},"f":{"0":8,"1":2,"2":5,"3":1,"4":1,"5":2,"6":2,"7":2,"8":2,"9":2,"10":2,"11":1,"12":1,"13":15,"14":2,"15":1,"16":1,"17":2,"18":4,"19":1,"20":39},"b":{},"meta":{"lastBranch":0,"lastFunction":21,"lastStatement":25,"seen":{"s:18:66:51:Infinity":0,"s:86:57:86:Infinity":1,"s:88:21:101:Infinity":2,"s:103:13:122:Infinity":3,"f:103:52:103:53":0,"s:103:62:122:2":4,"f:106:12:106:13":1,"s:106:31:106:Infinity":5,"f:107:20:107:21":2,"s:107:39:107:Infinity":6,"f:108:12:108:13":3,"s:108:23:108:Infinity":7,"f:109:16:109:17":4,"s:109:27:109:Infinity":8,"f:110:14:110:15":5,"s:110:27:110:Infinity":9,"f:111:17:111:23":6,"s:111:23:111:Infinity":10,"f:111:27:111:28":7,"s:111:39:111:83":11,"f:112:19:112:20":8,"s:112:37:112:Infinity":12,"f:113:18:113:24":9,"s:113:24:113:Infinity":13,"f:113:28:113:29":10,"s:113:40:113:80":14,"f:114:22:114:28":11,"s:114:28:114:Infinity":15,"f:114:32:114:33":12,"s:114:44:114:84":16,"f:115:17:115:18":13,"s:115:35:115:Infinity":17,"f:116:20:116:21":14,"s:116:39:116:Infinity":18,"f:117:18:117:24":15,"s:117:24:117:Infinity":19,"f:117:28:117:29":16,"s:117:40:117:92":20,"f:118:26:118:27":17,"s:118:51:118:Infinity":21,"f:119:15:119:16":18,"s:119:29:119:Infinity":22,"f:120:20:120:21":19,"s:120:39:120:Infinity":23,"f:121:21:121:27":20,"s:121:27:121:Infinity":24},"fnNames":{}}}}}