{"numTotalTestSuites":20,"numPassedTestSuites":20,"numFailedTestSuites":0,"numPendingTestSuites":0,"numTotalTests":39,"numPassedTests":39,"numFailedTests":0,"numPendingTests":0,"numTodoTests":0,"snapshot":{"added":0,"failure":false,"filesAdded":0,"filesRemoved":0,"filesRemovedList":[],"filesUnmatched":0,"filesUpdated":0,"matched":0,"total":0,"unchecked":0,"uncheckedKeysByFile":[],"unmatched":0,"updated":0,"didUpdate":false},"startTime":1786884139827,"success":true,"testResults":[{"assertionResults":[{"ancestorTitles":["Home starter page integration"],"fullName":"Home starter page integration renders enterprise header, hero, and core architecture cards","status":"passed","title":"renders enterprise header, hero, and core architecture cards","duration":128.2419,"failureMessages":[],"meta":{},"tags":[]},{"ancestorTitles":["Home starter page integration"],"fullName":"Home starter page integration loads and renders MSW network status","status":"passed","title":"loads and renders MSW network status","duration":197.13380000000006,"failureMessages":[],"meta":{},"tags":[]},{"ancestorTitles":["Home starter page integration"],"fullName":"Home starter page integration renders status error badge when API fails","status":"passed","title":"renders status error badge when API fails","duration":51.940900000000056,"failureMessages":[],"meta":{},"tags":[]},{"ancestorTitles":["Home starter page integration"],"fullName":"Home starter page integration interacts with Zustand state controls (theme, sidebar, notifications, search)","status":"passed","title":"interacts with Zustand state controls (theme, sidebar, notifications, search)","duration":202.63430000000017,"failureMessages":[],"meta":{},"tags":[]},{"ancestorTitles":["Home starter page integration"],"fullName":"Home starter page integration opens and closes diagnostics modal","status":"passed","title":"opens and closes diagnostics modal","duration":107.0929000000001,"failureMessages":[],"meta":{},"tags":[]},{"ancestorTitles":["Home starter page integration"],"fullName":"Home starter page integration opens and closes 7-gateway info modal","status":"passed","title":"opens and closes 7-gateway info modal","duration":114.73610000000008,"failureMessages":[],"meta":{},"tags":[]},{"ancestorTitles":["Home starter page integration"],"fullName":"Home starter page integration validates interactive input field demo","status":"passed","title":"validates interactive input field demo","duration":83.69499999999971,"failureMessages":[],"meta":{},"tags":[]}],"startTime":1786884142672,"endTime":1786884143557.695,"status":"passed","message":"","name":"D:/Proiecte/Product Presentation/src/app/page.test.tsx"},{"assertionResults":[{"ancestorTitles":["cn utility"],"fullName":"cn utility merges class names correctly","status":"passed","title":"merges class names correctly","duration":9.696899999999914,"failureMessages":[],"meta":{},"tags":[]},{"ancestorTitles":["cn utility"],"fullName":"cn utility handles conditional class names","status":"passed","title":"handles conditional class names","duration":0.457300000000032,"failureMessages":[],"meta":{},"tags":[]},{"ancestorTitles":["cn utility"],"fullName":"cn utility resolves tailwind class conflicts using tailwind-merge","status":"passed","title":"resolves tailwind class conflicts using tailwind-merge","duration":0.6068000000000211,"failureMessages":[],"meta":{},"tags":[]}],"startTime":1786884142450,"endTime":1786884142461.6067,"status":"passed","message":"","name":"D:/Proiecte/Product Presentation/src/lib/utils.test.ts"},{"assertionResults":[{"ancestorTitles":["useAppStore"],"fullName":"useAppStore initializes with default state","status":"passed","title":"initializes with default state","duration":3.086999999999989,"failureMessages":[],"meta":{},"tags":[]},{"ancestorTitles":["useAppStore"],"fullName":"useAppStore updates theme mode","status":"passed","title":"updates theme mode","duration":0.42849999999998545,"failureMessages":[],"meta":{},"tags":[]},{"ancestorTitles":["useAppStore"],"fullName":"useAppStore toggles sidebar state","status":"passed","title":"toggles sidebar state","duration":0.3949999999999818,"failureMessages":[],"meta":{},"tags":[]},{"ancestorTitles":["useAppStore"],"fullName":"useAppStore sets sidebar open explicitly","status":"passed","title":"sets sidebar open explicitly","duration":0.2278999999998632,"failureMessages":[],"meta":{},"tags":[]},{"ancestorTitles":["useAppStore"],"fullName":"useAppStore sets notifications enabled state","status":"passed","title":"sets notifications enabled state","duration":0.2078999999998814,"failureMessages":[],"meta":{},"tags":[]},{"ancestorTitles":["useAppStore"],"fullName":"useAppStore manages modal open and close state","status":"passed","title":"manages modal open and close state","duration":0.3123000000000502,"failureMessages":[],"meta":{},"tags":[]},{"ancestorTitles":["useAppStore"],"fullName":"useAppStore updates search query","status":"passed","title":"updates search query","duration":0.2238999999999578,"failureMessages":[],"meta":{},"tags":[]},{"ancestorTitles":["useAppStore"],"fullName":"useAppStore resets store to initial state","status":"passed","title":"resets store to initial state","duration":0.37809999999990396,"failureMessages":[],"meta":{},"tags":[]}],"startTime":1786884142463,"endTime":1786884142468.3782,"status":"passed","message":"","name":"D:/Proiecte/Product Presentation/src/stores/useAppStore.test.ts"},{"assertionResults":[{"ancestorTitles":["useAppConfig hook"],"fullName":"useAppConfig hook fetches app config data successfully via MSW","status":"passed","title":"fetches app config data successfully via MSW","duration":105.9342999999999,"failureMessages":[],"meta":{},"tags":[]},{"ancestorTitles":["useAppConfig hook"],"fullName":"useAppConfig hook handles error in fetchAppConfig","status":"passed","title":"handles error in fetchAppConfig","duration":5.404700000000048,"failureMessages":[],"meta":{},"tags":[]}],"startTime":1786884142530,"endTime":1786884142641.4048,"status":"passed","message":"","name":"D:/Proiecte/Product Presentation/src/hooks/queries/useAppConfig.test.tsx"},{"assertionResults":[{"ancestorTitles":["useAppStatus hook"],"fullName":"useAppStatus hook fetches status data successfully via MSW","status":"passed","title":"fetches status data successfully via MSW","duration":105.39990000000034,"failureMessages":[],"meta":{},"tags":[]},{"ancestorTitles":["useAppStatus hook"],"fullName":"useAppStatus hook handles server error response correctly","status":"passed","title":"handles server error response correctly","duration":72.15290000000005,"failureMessages":[],"meta":{},"tags":[]},{"ancestorTitles":["useAppStatus hook"],"fullName":"useAppStatus hook fetchAppStatus function throws when response is not ok","status":"passed","title":"fetchAppStatus function throws when response is not ok","duration":3.492200000000139,"failureMessages":[],"meta":{},"tags":[]}],"startTime":1786884142530,"endTime":1786884142710.4922,"status":"passed","message":"","name":"D:/Proiecte/Product Presentation/src/hooks/queries/useAppStatus.test.tsx"},{"assertionResults":[{"ancestorTitles":["Badge primitive"],"fullName":"Badge primitive renders badge text correctly","status":"passed","title":"renders badge text correctly","duration":47.05540000000019,"failureMessages":[],"meta":{},"tags":[]},{"ancestorTitles":["Badge primitive"],"fullName":"Badge primitive renders different badge variants","status":"passed","title":"renders different badge variants","duration":8.221700000000055,"failureMessages":[],"meta":{},"tags":[]}],"startTime":1786884142463,"endTime":1786884142518.2217,"status":"passed","message":"","name":"D:/Proiecte/Product Presentation/src/components/ui/Badge.test.tsx"},{"assertionResults":[{"ancestorTitles":["Button primitive"],"fullName":"Button primitive renders button with text correctly","status":"passed","title":"renders button with text correctly","duration":164.4282000000003,"failureMessages":[],"meta":{},"tags":[]},{"ancestorTitles":["Button primitive"],"fullName":"Button primitive triggers onClick handler when clicked","status":"passed","title":"triggers onClick handler when clicked","duration":14.953100000000177,"failureMessages":[],"meta":{},"tags":[]},{"ancestorTitles":["Button primitive"],"fullName":"Button primitive applies variant classes properly","status":"passed","title":"applies variant classes properly","duration":14.990299999999934,"failureMessages":[],"meta":{},"tags":[]},{"ancestorTitles":["Button primitive"],"fullName":"Button primitive handles loading state with spinner and disables button","status":"passed","title":"handles loading state with spinner and disables button","duration":10.122499999999945,"failureMessages":[],"meta":{},"tags":[]},{"ancestorTitles":["Button primitive"],"fullName":"Button primitive is disabled when disabled prop is true","status":"passed","title":"is disabled when disabled prop is true","duration":9.776699999999892,"failureMessages":[],"meta":{},"tags":[]}],"startTime":1786884142476,"endTime":1786884142690.7766,"status":"passed","message":"","name":"D:/Proiecte/Product Presentation/src/components/ui/Button.test.tsx"},{"assertionResults":[{"ancestorTitles":["Card primitive"],"fullName":"Card primitive renders complete card component structure","status":"passed","title":"renders complete card component structure","duration":175.1300000000001,"failureMessages":[],"meta":{},"tags":[]}],"startTime":1786884142461,"endTime":1786884142636.13,"status":"passed","message":"","name":"D:/Proiecte/Product Presentation/src/components/ui/Card.test.tsx"},{"assertionResults":[{"ancestorTitles":["Input primitive"],"fullName":"Input primitive renders input with label and helper text","status":"passed","title":"renders input with label and helper text","duration":56.16890000000012,"failureMessages":[],"meta":{},"tags":[]},{"ancestorTitles":["Input primitive"],"fullName":"Input primitive renders error state correctly with aria attributes","status":"passed","title":"renders error state correctly with aria attributes","duration":114.96119999999974,"failureMessages":[],"meta":{},"tags":[]},{"ancestorTitles":["Input primitive"],"fullName":"Input primitive handles typing and onChange events","status":"passed","title":"handles typing and onChange events","duration":8.063400000000001,"failureMessages":[],"meta":{},"tags":[]}],"startTime":1786884142469,"endTime":1786884142648.0635,"status":"passed","message":"","name":"D:/Proiecte/Product Presentation/src/components/ui/Input.test.tsx"},{"assertionResults":[{"ancestorTitles":["Modal primitive"],"fullName":"Modal primitive does not render when isOpen is false","status":"passed","title":"does not render when isOpen is false","duration":33.58100000000013,"failureMessages":[],"meta":{},"tags":[]},{"ancestorTitles":["Modal primitive"],"fullName":"Modal primitive renders modal dialog with title, description, body, and footer when isOpen is true","status":"passed","title":"renders modal dialog with title, description, body, and footer when isOpen is true","duration":141.80079999999998,"failureMessages":[],"meta":{},"tags":[]},{"ancestorTitles":["Modal primitive"],"fullName":"Modal primitive calls onClose when close button is clicked","status":"passed","title":"calls onClose when close button is clicked","duration":8.789600000000064,"failureMessages":[],"meta":{},"tags":[]},{"ancestorTitles":["Modal primitive"],"fullName":"Modal primitive calls onClose when clicking the backdrop, but not when clicking modal content","status":"passed","title":"calls onClose when clicking the backdrop, but not when clicking modal content","duration":4.682800000000043,"failureMessages":[],"meta":{},"tags":[]},{"ancestorTitles":["Modal primitive"],"fullName":"Modal primitive calls onClose when Escape key is pressed, but ignores other keys","status":"passed","title":"calls onClose when Escape key is pressed, but ignores other keys","duration":3.568300000000363,"failureMessages":[],"meta":{},"tags":[]}],"startTime":1786884142576,"endTime":1786884142768.5684,"status":"passed","message":"","name":"D:/Proiecte/Product Presentation/src/components/ui/Modal.test.tsx"}],"coverageMap":{"D:\\Proiecte\\Product Presentation\\src\\components\\ui\\Badge.tsx":{"path":"D:\\Proiecte\\Product Presentation\\src\\components\\ui\\Badge.tsx","statementMap":{"0":{"start":{"line":5,"column":13},"end":{"line":21,"column":null}},"1":{"start":{"line":28,"column":2},"end":{"line":28,"column":null}}},"fnMap":{"0":{"name":"Badge","decl":{"start":{"line":27,"column":16},"end":{"line":27,"column":22}},"loc":{"start":{"line":27,"column":68},"end":{"line":29,"column":null}},"line":27}},"branchMap":{},"s":{"0":2,"1":257},"f":{"0":257},"b":{},"meta":{"lastBranch":0,"lastFunction":1,"lastStatement":2,"seen":{"s:5:13:21:Infinity":0,"f:27:16:27:22":0,"s:28:2:28:Infinity":1},"fnNames":{}}},"D:\\Proiecte\\Product Presentation\\src\\components\\ui\\Card.tsx":{"path":"D:\\Proiecte\\Product Presentation\\src\\components\\ui\\Card.tsx","statementMap":{"0":{"start":{"line":4,"column":20},"end":{"line":16,"column":null}},"1":{"start":{"line":8,"column":2},"end":{"line":15,"column":null}},"2":{"start":{"line":17,"column":0},"end":{"line":17,"column":null}},"3":{"start":{"line":19,"column":26},"end":{"line":28,"column":null}},"4":{"start":{"line":23,"column":2},"end":{"line":27,"column":null}},"5":{"start":{"line":29,"column":0},"end":{"line":29,"column":null}},"6":{"start":{"line":31,"column":25},"end":{"line":40,"column":null}},"7":{"start":{"line":35,"column":2},"end":{"line":39,"column":null}},"8":{"start":{"line":41,"column":0},"end":{"line":41,"column":null}},"9":{"start":{"line":43,"column":31},"end":{"line":52,"column":null}},"10":{"start":{"line":47,"column":2},"end":{"line":51,"column":null}},"11":{"start":{"line":53,"column":0},"end":{"line":53,"column":null}},"12":{"start":{"line":55,"column":27},"end":{"line":60,"column":null}},"13":{"start":{"line":59,"column":2},"end":{"line":59,"column":null}},"14":{"start":{"line":61,"column":0},"end":{"line":61,"column":null}},"15":{"start":{"line":63,"column":26},"end":{"line":72,"column":null}},"16":{"start":{"line":67,"column":2},"end":{"line":71,"column":null}},"17":{"start":{"line":73,"column":0},"end":{"line":73,"column":null}}},"fnMap":{"0":{"name":"(anonymous_0)","decl":{"start":{"line":7,"column":2},"end":{"line":7,"column":3}},"loc":{"start":{"line":8,"column":2},"end":{"line":15,"column":null}},"line":8},"1":{"name":"(anonymous_1)","decl":{"start":{"line":22,"column":2},"end":{"line":22,"column":3}},"loc":{"start":{"line":23,"column":2},"end":{"line":27,"column":null}},"line":23},"2":{"name":"(anonymous_2)","decl":{"start":{"line":34,"column":2},"end":{"line":34,"column":3}},"loc":{"start":{"line":35,"column":2},"end":{"line":39,"column":null}},"line":35},"3":{"name":"(anonymous_3)","decl":{"start":{"line":46,"column":2},"end":{"line":46,"column":3}},"loc":{"start":{"line":47,"column":2},"end":{"line":51,"column":null}},"line":47},"4":{"name":"(anonymous_4)","decl":{"start":{"line":58,"column":2},"end":{"line":58,"column":3}},"loc":{"start":{"line":59,"column":2},"end":{"line":59,"column":null}},"line":59},"5":{"name":"(anonymous_5)","decl":{"start":{"line":66,"column":2},"end":{"line":66,"column":3}},"loc":{"start":{"line":67,"column":2},"end":{"line":71,"column":null}},"line":67}},"branchMap":{},"s":{"0":2,"1":70,"2":2,"3":2,"4":70,"5":2,"6":2,"7":70,"8":2,"9":2,"10":70,"11":2,"12":2,"13":70,"14":2,"15":2,"16":70,"17":2},"f":{"0":70,"1":70,"2":70,"3":70,"4":70,"5":70},"b":{},"meta":{"lastBranch":0,"lastFunction":6,"lastStatement":18,"seen":{"s:4:20:16:Infinity":0,"f:7:2:7:3":0,"s:8:2:15:Infinity":1,"s:17:0:17:Infinity":2,"s:19:26:28:Infinity":3,"f:22:2:22:3":1,"s:23:2:27:Infinity":4,"s:29:0:29:Infinity":5,"s:31:25:40:Infinity":6,"f:34:2:34:3":2,"s:35:2:39:Infinity":7,"s:41:0:41:Infinity":8,"s:43:31:52:Infinity":9,"f:46:2:46:3":3,"s:47:2:51:Infinity":10,"s:53:0:53:Infinity":11,"s:55:27:60:Infinity":12,"f:58:2:58:3":4,"s:59:2:59:Infinity":13,"s:61:0:61:Infinity":14,"s:63:26:72:Infinity":15,"f:66:2:66:3":5,"s:67:2:71:Infinity":16,"s:73:0:73:Infinity":17},"fnNames":{}}},"D:\\Proiecte\\Product Presentation\\src\\components\\ui\\Input.tsx":{"path":"D:\\Proiecte\\Product Presentation\\src\\components\\ui\\Input.tsx","statementMap":{"0":{"start":{"line":10,"column":21},"end":{"line":64,"column":null}},"1":{"start":{"line":12,"column":24},"end":{"line":12,"column":null}},"2":{"start":{"line":13,"column":20},"end":{"line":13,"column":null}},"3":{"start":{"line":15,"column":4},"end":{"line":61,"column":null}},"4":{"start":{"line":66,"column":0},"end":{"line":66,"column":null}}},"fnMap":{"0":{"name":"(anonymous_0)","decl":{"start":{"line":11,"column":2},"end":{"line":11,"column":3}},"loc":{"start":{"line":11,"column":81},"end":{"line":63,"column":null}},"line":11}},"branchMap":{"0":{"loc":{"start":{"line":11,"column":16},"end":{"line":11,"column":31}},"type":"default-arg","locations":[{"start":{"line":11,"column":23},"end":{"line":11,"column":31}}],"line":11},"1":{"loc":{"start":{"line":13,"column":20},"end":{"line":13,"column":null}},"type":"binary-expr","locations":[{"start":{"line":13,"column":20},"end":{"line":13,"column":26}},{"start":{"line":13,"column":26},"end":{"line":13,"column":null}}],"line":13},"2":{"loc":{"start":{"line":17,"column":9},"end":{"line":23,"column":null}},"type":"binary-expr","locations":[{"start":{"line":17,"column":9},"end":{"line":17,"column":null}},{"start":{"line":18,"column":10},"end":{"line":23,"column":null}}],"line":17},"3":{"loc":{"start":{"line":31,"column":12},"end":{"line":31,"column":null}},"type":"binary-expr","locations":[{"start":{"line":31,"column":12},"end":{"line":31,"column":21}},{"start":{"line":31,"column":21},"end":{"line":31,"column":null}}],"line":31},"4":{"loc":{"start":{"line":34,"column":24},"end":{"line":34,"column":null}},"type":"cond-expr","locations":[{"start":{"line":34,"column":32},"end":{"line":34,"column":41}},{"start":{"line":34,"column":41},"end":{"line":34,"column":null}}],"line":34},"5":{"loc":{"start":{"line":36,"column":12},"end":{"line":40,"column":null}},"type":"cond-expr","locations":[{"start":{"line":37,"column":16},"end":{"line":37,"column":null}},{"start":{"line":38,"column":16},"end":{"line":40,"column":null}}],"line":36},"6":{"loc":{"start":{"line":38,"column":16},"end":{"line":40,"column":null}},"type":"cond-expr","locations":[{"start":{"line":39,"column":16},"end":{"line":39,"column":null}},{"start":{"line":40,"column":16},"end":{"line":40,"column":null}}],"line":38},"7":{"loc":{"start":{"line":44,"column":9},"end":{"line":51,"column":null}},"type":"binary-expr","locations":[{"start":{"line":44,"column":9},"end":{"line":44,"column":null}},{"start":{"line":45,"column":10},"end":{"line":51,"column":null}}],"line":44},"8":{"loc":{"start":{"line":53,"column":9},"end":{"line":59,"column":null}},"type":"binary-expr","locations":[{"start":{"line":53,"column":9},"end":{"line":53,"column":19}},{"start":{"line":53,"column":19},"end":{"line":53,"column":null}},{"start":{"line":54,"column":10},"end":{"line":59,"column":null}}],"line":53}},"s":{"0":2,"1":49,"2":49,"3":49,"4":2},"f":{"0":49},"b":{"0":[49],"1":[49,49],"2":[49,25],"3":[49,2],"4":[2,47],"5":[2,47],"6":[23,24],"7":[49,2],"8":[49,47,23]},"meta":{"lastBranch":9,"lastFunction":1,"lastStatement":5,"seen":{"s:10:21:64:Infinity":0,"f:11:2:11:3":0,"b:11:23:11:31":0,"s:12:24:12:Infinity":1,"s:13:20:13:Infinity":2,"b:13:20:13:26:13:26:13:Infinity":1,"s:15:4:61:Infinity":3,"b:17:9:17:Infinity:18:10:23:Infinity":2,"b:31:12:31:21:31:21:31:Infinity":3,"b:34:32:34:41:34:41:34:Infinity":4,"b:37:16:37:Infinity:38:16:40:Infinity":5,"b:39:16:39:Infinity:40:16:40:Infinity":6,"b:44:9:44:Infinity:45:10:51:Infinity":7,"b:53:9:53:19:53:19:53:Infinity:54:10:59:Infinity":8,"s:66:0:66:Infinity":4},"fnNames":{}}},"D:\\Proiecte\\Product Presentation\\src\\hooks\\queries\\useAppConfig.ts":{"path":"D:\\Proiecte\\Product Presentation\\src\\hooks\\queries\\useAppConfig.ts","statementMap":{"0":{"start":{"line":5,"column":19},"end":{"line":5,"column":null}},"1":{"start":{"line":6,"column":2},"end":{"line":8,"column":null}},"2":{"start":{"line":7,"column":4},"end":{"line":7,"column":null}},"3":{"start":{"line":9,"column":2},"end":{"line":9,"column":null}},"4":{"start":{"line":13,"column":2},"end":{"line":18,"column":null}}},"fnMap":{"0":{"name":"fetchAppConfig","decl":{"start":{"line":4,"column":22},"end":{"line":4,"column":67}},"loc":{"start":{"line":4,"column":67},"end":{"line":10,"column":null}},"line":4},"1":{"name":"useAppConfig","decl":{"start":{"line":12,"column":16},"end":{"line":12,"column":29}},"loc":{"start":{"line":12,"column":69},"end":{"line":19,"column":null}},"line":12}},"branchMap":{"0":{"loc":{"start":{"line":6,"column":2},"end":{"line":8,"column":null}},"type":"if","locations":[{"start":{"line":6,"column":2},"end":{"line":8,"column":null}},{"start":{},"end":{}}],"line":6},"1":{"loc":{"start":{"line":17,"column":8},"end":{"line":17,"column":null}},"type":"cond-expr","locations":[{"start":{"line":17,"column":39},"end":{"line":17,"column":66}},{"start":{"line":17,"column":66},"end":{"line":17,"column":null}}],"line":17}},"s":{"0":9,"1":7,"2":1,"3":6,"4":26},"f":{"0":9,"1":26},"b":{"0":[1,6],"1":[0,26]},"meta":{"lastBranch":2,"lastFunction":2,"lastStatement":5,"seen":{"f:4:22:4:67":0,"s:5:19:5:Infinity":0,"b:6:2:8:Infinity:undefined:undefined:undefined:undefined":0,"s:6:2:8:Infinity":1,"s:7:4:7:Infinity":2,"s:9:2:9:Infinity":3,"f:12:16:12:29":1,"s:13:2:18:Infinity":4,"b:17:39:17:66:17:66:17:Infinity":1},"fnNames":{}}},"D:\\Proiecte\\Product Presentation\\src\\components\\ui\\Button.tsx":{"path":"D:\\Proiecte\\Product Presentation\\src\\components\\ui\\Button.tsx","statementMap":{"0":{"start":{"line":5,"column":13},"end":{"line":27,"column":null}},"1":{"start":{"line":35,"column":22},"end":{"line":72,"column":null}},"2":{"start":{"line":37,"column":4},"end":{"line":69,"column":null}},"3":{"start":{"line":74,"column":0},"end":{"line":74,"column":null}}},"fnMap":{"0":{"name":"(anonymous_0)","decl":{"start":{"line":36,"column":2},"end":{"line":36,"column":3}},"loc":{"start":{"line":36,"column":82},"end":{"line":71,"column":null}},"line":36}},"branchMap":{"0":{"loc":{"start":{"line":41,"column":18},"end":{"line":41,"column":null}},"type":"binary-expr","locations":[{"start":{"line":41,"column":18},"end":{"line":41,"column":30}},{"start":{"line":41,"column":30},"end":{"line":41,"column":null}}],"line":41},"1":{"loc":{"start":{"line":44,"column":9},"end":{"line":66,"column":null}},"type":"binary-expr","locations":[{"start":{"line":44,"column":9},"end":{"line":44,"column":null}},{"start":{"line":45,"column":10},"end":{"line":66,"column":null}}],"line":44}},"s":{"0":3,"1":3,"2":406,"3":3},"f":{"0":406},"b":{"0":[406,405],"1":[406,45]},"meta":{"lastBranch":2,"lastFunction":1,"lastStatement":4,"seen":{"s:5:13:27:Infinity":0,"s:35:22:72:Infinity":1,"f:36:2:36:3":0,"s:37:4:69:Infinity":2,"b:41:18:41:30:41:30:41:Infinity":0,"b:44:9:44:Infinity:45:10:66:Infinity":1,"s:74:0:74:Infinity":3},"fnNames":{}}},"D:\\Proiecte\\Product Presentation\\src\\hooks\\queries\\useAppStatus.ts":{"path":"D:\\Proiecte\\Product Presentation\\src\\hooks\\queries\\useAppStatus.ts","statementMap":{"0":{"start":{"line":5,"column":19},"end":{"line":5,"column":null}},"1":{"start":{"line":6,"column":2},"end":{"line":8,"column":null}},"2":{"start":{"line":7,"column":4},"end":{"line":7,"column":null}},"3":{"start":{"line":9,"column":2},"end":{"line":9,"column":null}},"4":{"start":{"line":13,"column":2},"end":{"line":18,"column":null}}},"fnMap":{"0":{"name":"fetchAppStatus","decl":{"start":{"line":4,"column":22},"end":{"line":4,"column":67}},"loc":{"start":{"line":4,"column":67},"end":{"line":10,"column":null}},"line":4},"1":{"name":"useAppStatus","decl":{"start":{"line":12,"column":16},"end":{"line":12,"column":29}},"loc":{"start":{"line":12,"column":69},"end":{"line":19,"column":null}},"line":12}},"branchMap":{"0":{"loc":{"start":{"line":6,"column":2},"end":{"line":8,"column":null}},"type":"if","locations":[{"start":{"line":6,"column":2},"end":{"line":8,"column":null}},{"start":{},"end":{}}],"line":6},"1":{"loc":{"start":{"line":17,"column":8},"end":{"line":17,"column":null}},"type":"cond-expr","locations":[{"start":{"line":17,"column":39},"end":{"line":17,"column":66}},{"start":{"line":17,"column":66},"end":{"line":17,"column":null}}],"line":17}},"s":{"0":11,"1":9,"2":3,"3":6,"4":28},"f":{"0":11,"1":28},"b":{"0":[3,6],"1":[4,24]},"meta":{"lastBranch":2,"lastFunction":2,"lastStatement":5,"seen":{"f:4:22:4:67":0,"s:5:19:5:Infinity":0,"b:6:2:8:Infinity:undefined:undefined:undefined:undefined":0,"s:6:2:8:Infinity":1,"s:7:4:7:Infinity":2,"s:9:2:9:Infinity":3,"f:12:16:12:29":1,"s:13:2:18:Infinity":4,"b:17:39:17:66:17:66:17:Infinity":1},"fnNames":{}}},"D:\\Proiecte\\Product Presentation\\src\\lib\\utils.ts":{"path":"D:\\Proiecte\\Product Presentation\\src\\lib\\utils.ts","statementMap":{"0":{"start":{"line":5,"column":2},"end":{"line":5,"column":null}}},"fnMap":{"0":{"name":"cn","decl":{"start":{"line":4,"column":16},"end":{"line":4,"column":22}},"loc":{"start":{"line":4,"column":44},"end":{"line":6,"column":null}},"line":4}},"branchMap":{},"s":{"0":1142},"f":{"0":1142},"b":{},"meta":{"lastBranch":0,"lastFunction":1,"lastStatement":1,"seen":{"f:4:16:4:22":0,"s:5:2:5:Infinity":0},"fnNames":{}}},"D:\\Proiecte\\Product Presentation\\src\\stores\\useAppStore.ts":{"path":"D:\\Proiecte\\Product Presentation\\src\\stores\\useAppStore.ts","statementMap":{"0":{"start":{"line":21,"column":21},"end":{"line":27,"column":null}},"1":{"start":{"line":29,"column":13},"end":{"line":39,"column":null}},"2":{"start":{"line":29,"column":54},"end":{"line":39,"column":2}},"3":{"start":{"line":31,"column":26},"end":{"line":31,"column":null}},"4":{"start":{"line":32,"column":23},"end":{"line":32,"column":null}},"5":{"start":{"line":32,"column":39},"end":{"line":32,"column":75}},"6":{"start":{"line":33,"column":28},"end":{"line":33,"column":null}},"7":{"start":{"line":34,"column":40},"end":{"line":34,"column":null}},"8":{"start":{"line":35,"column":26},"end":{"line":35,"column":null}},"9":{"start":{"line":36,"column":20},"end":{"line":36,"column":null}},"10":{"start":{"line":37,"column":29},"end":{"line":37,"column":null}},"11":{"start":{"line":38,"column":20},"end":{"line":38,"column":null}}},"fnMap":{"0":{"name":"(anonymous_0)","decl":{"start":{"line":29,"column":44},"end":{"line":29,"column":45}},"loc":{"start":{"line":29,"column":54},"end":{"line":39,"column":2}},"line":29},"1":{"name":"(anonymous_1)","decl":{"start":{"line":31,"column":16},"end":{"line":31,"column":17}},"loc":{"start":{"line":31,"column":26},"end":{"line":31,"column":null}},"line":31},"2":{"name":"(anonymous_2)","decl":{"start":{"line":32,"column":17},"end":{"line":32,"column":23}},"loc":{"start":{"line":32,"column":23},"end":{"line":32,"column":null}},"line":32},"3":{"name":"(anonymous_3)","decl":{"start":{"line":32,"column":27},"end":{"line":32,"column":28}},"loc":{"start":{"line":32,"column":39},"end":{"line":32,"column":75}},"line":32},"4":{"name":"(anonymous_4)","decl":{"start":{"line":33,"column":18},"end":{"line":33,"column":19}},"loc":{"start":{"line":33,"column":28},"end":{"line":33,"column":null}},"line":33},"5":{"name":"(anonymous_5)","decl":{"start":{"line":34,"column":27},"end":{"line":34,"column":28}},"loc":{"start":{"line":34,"column":40},"end":{"line":34,"column":null}},"line":34},"6":{"name":"(anonymous_6)","decl":{"start":{"line":35,"column":13},"end":{"line":35,"column":14}},"loc":{"start":{"line":35,"column":26},"end":{"line":35,"column":null}},"line":35},"7":{"name":"(anonymous_7)","decl":{"start":{"line":36,"column":14},"end":{"line":36,"column":20}},"loc":{"start":{"line":36,"column":20},"end":{"line":36,"column":null}},"line":36},"8":{"name":"(anonymous_8)","decl":{"start":{"line":37,"column":18},"end":{"line":37,"column":19}},"loc":{"start":{"line":37,"column":29},"end":{"line":37,"column":null}},"line":37},"9":{"name":"(anonymous_9)","decl":{"start":{"line":38,"column":14},"end":{"line":38,"column":20}},"loc":{"start":{"line":38,"column":20},"end":{"line":38,"column":null}},"line":38}},"branchMap":{},"s":{"0":2,"1":2,"2":2,"3":6,"4":4,"5":4,"6":1,"7":3,"8":4,"9":3,"10":3,"11":17},"f":{"0":2,"1":6,"2":4,"3":4,"4":1,"5":3,"6":4,"7":3,"8":3,"9":17},"b":{},"meta":{"lastBranch":0,"lastFunction":10,"lastStatement":12,"seen":{"s:21:21:27:Infinity":0,"s:29:13:39:Infinity":1,"f:29:44:29:45":0,"s:29:54:39:2":2,"f:31:16:31:17":1,"s:31:26:31:Infinity":3,"f:32:17:32:23":2,"s:32:23:32:Infinity":4,"f:32:27:32:28":3,"s:32:39:32:75":5,"f:33:18:33:19":4,"s:33:28:33:Infinity":6,"f:34:27:34:28":5,"s:34:40:34:Infinity":7,"f:35:13:35:14":6,"s:35:26:35:Infinity":8,"f:36:14:36:20":7,"s:36:20:36:Infinity":9,"f:37:18:37:19":8,"s:37:29:37:Infinity":10,"f:38:14:38:20":9,"s:38:20:38:Infinity":11},"fnNames":{}}},"D:\\Proiecte\\Product Presentation\\src\\components\\ui\\Modal.tsx":{"path":"D:\\Proiecte\\Product Presentation\\src\\components\\ui\\Modal.tsx","statementMap":{"0":{"start":{"line":25,"column":2},"end":{"line":41,"column":null}},"1":{"start":{"line":26,"column":26},"end":{"line":30,"column":null}},"2":{"start":{"line":27,"column":6},"end":{"line":29,"column":null}},"3":{"start":{"line":28,"column":8},"end":{"line":28,"column":null}},"4":{"start":{"line":32,"column":4},"end":{"line":35,"column":null}},"5":{"start":{"line":33,"column":6},"end":{"line":33,"column":null}},"6":{"start":{"line":34,"column":6},"end":{"line":34,"column":null}},"7":{"start":{"line":37,"column":4},"end":{"line":40,"column":null}},"8":{"start":{"line":38,"column":6},"end":{"line":38,"column":null}},"9":{"start":{"line":39,"column":6},"end":{"line":39,"column":null}},"10":{"start":{"line":43,"column":2},"end":{"line":43,"column":null}},"11":{"start":{"line":43,"column":15},"end":{"line":43,"column":null}},"12":{"start":{"line":45,"column":2},"end":{"line":95,"column":null}},"13":{"start":{"line":50,"column":8},"end":{"line":52,"column":null}},"14":{"start":{"line":51,"column":10},"end":{"line":51,"column":null}}},"fnMap":{"0":{"name":"Modal","decl":{"start":{"line":16,"column":16},"end":{"line":16,"column":22}},"loc":{"start":{"line":24,"column":15},"end":{"line":97,"column":null}},"line":24},"1":{"name":"(anonymous_1)","decl":{"start":{"line":25,"column":18},"end":{"line":25,"column":24}},"loc":{"start":{"line":25,"column":24},"end":{"line":41,"column":5}},"line":25},"2":{"name":"(anonymous_2)","decl":{"start":{"line":26,"column":26},"end":{"line":26,"column":27}},"loc":{"start":{"line":26,"column":48},"end":{"line":30,"column":null}},"line":26},"3":{"name":"(anonymous_3)","decl":{"start":{"line":37,"column":11},"end":{"line":37,"column":17}},"loc":{"start":{"line":37,"column":17},"end":{"line":40,"column":null}},"line":37},"4":{"name":"(anonymous_4)","decl":{"start":{"line":49,"column":15},"end":{"line":49,"column":16}},"loc":{"start":{"line":49,"column":22},"end":{"line":53,"column":null}},"line":49}},"branchMap":{"0":{"loc":{"start":{"line":27,"column":6},"end":{"line":29,"column":null}},"type":"if","locations":[{"start":{"line":27,"column":6},"end":{"line":29,"column":null}},{"start":{},"end":{}}],"line":27},"1":{"loc":{"start":{"line":27,"column":10},"end":{"line":27,"column":40}},"type":"binary-expr","locations":[{"start":{"line":27,"column":10},"end":{"line":27,"column":32}},{"start":{"line":27,"column":32},"end":{"line":27,"column":40}}],"line":27},"2":{"loc":{"start":{"line":32,"column":4},"end":{"line":35,"column":null}},"type":"if","locations":[{"start":{"line":32,"column":4},"end":{"line":35,"column":null}},{"start":{},"end":{}}],"line":32},"3":{"loc":{"start":{"line":43,"column":2},"end":{"line":43,"column":null}},"type":"if","locations":[{"start":{"line":43,"column":2},"end":{"line":43,"column":null}},{"start":{},"end":{}}],"line":43},"4":{"loc":{"start":{"line":50,"column":8},"end":{"line":52,"column":null}},"type":"if","locations":[{"start":{"line":50,"column":8},"end":{"line":52,"column":null}},{"start":{},"end":{}}],"line":50},"5":{"loc":{"start":{"line":70,"column":13},"end":{"line":73,"column":null}},"type":"binary-expr","locations":[{"start":{"line":70,"column":13},"end":{"line":70,"column":null}},{"start":{"line":71,"column":14},"end":{"line":73,"column":null}}],"line":70},"6":{"loc":{"start":{"line":89,"column":9},"end":{"line":92,"column":null}},"type":"binary-expr","locations":[{"start":{"line":89,"column":9},"end":{"line":89,"column":null}},{"start":{"line":90,"column":10},"end":{"line":92,"column":null}}],"line":89}},"s":{"0":51,"1":23,"2":2,"3":1,"4":23,"5":6,"6":6,"7":23,"8":23,"9":23,"10":51,"11":45,"12":6,"13":5,"14":1},"f":{"0":51,"1":23,"2":2,"3":23,"4":5},"b":{"0":[1,1],"1":[2,1],"2":[6,17],"3":[45,6],"4":[1,4],"5":[6,3],"6":[51,3]},"meta":{"lastBranch":7,"lastFunction":5,"lastStatement":15,"seen":{"f:16:16:16:22":0,"s:25:2:41:Infinity":0,"f:25:18:25:24":1,"s:26:26:30:Infinity":1,"f:26:26:26:27":2,"b:27:6:29:Infinity:undefined:undefined:undefined:undefined":0,"s:27:6:29:Infinity":2,"b:27:10:27:32:27:32:27:40":1,"s:28:8:28:Infinity":3,"b:32:4:35:Infinity:undefined:undefined:undefined:undefined":2,"s:32:4:35:Infinity":4,"s:33:6:33:Infinity":5,"s:34:6:34:Infinity":6,"s:37:4:40:Infinity":7,"f:37:11:37:17":3,"s:38:6:38:Infinity":8,"s:39:6:39:Infinity":9,"b:43:2:43:Infinity:undefined:undefined:undefined:undefined":3,"s:43:2:43:Infinity":10,"s:43:15:43:Infinity":11,"s:45:2:95:Infinity":12,"f:49:15:49:16":4,"b:50:8:52:Infinity:undefined:undefined:undefined:undefined":4,"s:50:8:52:Infinity":13,"s:51:10:51:Infinity":14,"b:70:13:70:Infinity:71:14:73:Infinity":5,"b:89:9:89:Infinity:90:10:92:Infinity":6},"fnNames":{}}},"D:\\Proiecte\\Product Presentation\\src\\app\\page.tsx":{"path":"D:\\Proiecte\\Product Presentation\\src\\app\\page.tsx","statementMap":{"0":{"start":{"line":48,"column":2},"end":{"line":48,"column":null}},"1":{"start":{"line":56,"column":2},"end":{"line":56,"column":null}},"2":{"start":{"line":58,"column":55},"end":{"line":58,"column":null}},"3":{"start":{"line":60,"column":42},"end":{"line":60,"column":null}},"4":{"start":{"line":61,"column":44},"end":{"line":61,"column":null}},"5":{"start":{"line":63,"column":2},"end":{"line":466,"column":null}},"6":{"start":{"line":102,"column":27},"end":{"line":102,"column":null}},"7":{"start":{"line":175,"column":31},"end":{"line":175,"column":null}},"8":{"start":{"line":204,"column":22},"end":{"line":212,"column":null}},"9":{"start":{"line":209,"column":39},"end":{"line":209,"column":null}},"10":{"start":{"line":223,"column":35},"end":{"line":223,"column":null}},"11":{"start":{"line":233,"column":35},"end":{"line":233,"column":null}},"12":{"start":{"line":301,"column":31},"end":{"line":301,"column":null}},"13":{"start":{"line":335,"column":33},"end":{"line":335,"column":null}},"14":{"start":{"line":372,"column":18},"end":{"line":372,"column":null}},"15":{"start":{"line":373,"column":18},"end":{"line":375,"column":null}},"16":{"start":{"line":374,"column":20},"end":{"line":374,"column":null}},"17":{"start":{"line":384,"column":18},"end":{"line":388,"column":null}},"18":{"start":{"line":385,"column":20},"end":{"line":385,"column":null}},"19":{"start":{"line":387,"column":20},"end":{"line":387,"column":null}},"20":{"start":{"line":413,"column":16},"end":{"line":413,"column":null}},"21":{"start":{"line":414,"column":16},"end":{"line":414,"column":null}}},"fnMap":{"0":{"name":"Home","decl":{"start":{"line":34,"column":24},"end":{"line":34,"column":31}},"loc":{"start":{"line":34,"column":31},"end":{"line":468,"column":null}},"line":34},"1":{"name":"(anonymous_1)","decl":{"start":{"line":102,"column":21},"end":{"line":102,"column":27}},"loc":{"start":{"line":102,"column":27},"end":{"line":102,"column":null}},"line":102},"2":{"name":"(anonymous_2)","decl":{"start":{"line":175,"column":25},"end":{"line":175,"column":31}},"loc":{"start":{"line":175,"column":31},"end":{"line":175,"column":null}},"line":175},"3":{"name":"(anonymous_3)","decl":{"start":{"line":203,"column":64},"end":{"line":203,"column":65}},"loc":{"start":{"line":204,"column":22},"end":{"line":212,"column":null}},"line":204},"4":{"name":"(anonymous_4)","decl":{"start":{"line":209,"column":33},"end":{"line":209,"column":39}},"loc":{"start":{"line":209,"column":39},"end":{"line":209,"column":null}},"line":209},"5":{"name":"(anonymous_5)","decl":{"start":{"line":223,"column":29},"end":{"line":223,"column":35}},"loc":{"start":{"line":223,"column":35},"end":{"line":223,"column":null}},"line":223},"6":{"name":"(anonymous_6)","decl":{"start":{"line":233,"column":28},"end":{"line":233,"column":29}},"loc":{"start":{"line":233,"column":35},"end":{"line":233,"column":null}},"line":233},"7":{"name":"(anonymous_7)","decl":{"start":{"line":301,"column":25},"end":{"line":301,"column":31}},"loc":{"start":{"line":301,"column":31},"end":{"line":301,"column":null}},"line":301},"8":{"name":"(anonymous_8)","decl":{"start":{"line":335,"column":27},"end":{"line":335,"column":33}},"loc":{"start":{"line":335,"column":33},"end":{"line":335,"column":null}},"line":335},"9":{"name":"(anonymous_9)","decl":{"start":{"line":371,"column":26},"end":{"line":371,"column":27}},"loc":{"start":{"line":371,"column":33},"end":{"line":376,"column":null}},"line":371},"10":{"name":"(anonymous_10)","decl":{"start":{"line":383,"column":25},"end":{"line":383,"column":31}},"loc":{"start":{"line":383,"column":31},"end":{"line":389,"column":null}},"line":383},"11":{"name":"(anonymous_11)","decl":{"start":{"line":412,"column":23},"end":{"line":412,"column":29}},"loc":{"start":{"line":412,"column":29},"end":{"line":415,"column":null}},"line":412}},"branchMap":{"0":{"loc":{"start":{"line":78,"column":11},"end":{"line":86,"column":null}},"type":"cond-expr","locations":[{"start":{"line":79,"column":12},"end":{"line":79,"column":null}},{"start":{"line":80,"column":14},"end":{"line":86,"column":null}}],"line":78},"1":{"loc":{"start":{"line":80,"column":14},"end":{"line":86,"column":null}},"type":"cond-expr","locations":[{"start":{"line":81,"column":12},"end":{"line":81,"column":null}},{"start":{"line":83,"column":12},"end":{"line":86,"column":null}}],"line":80},"2":{"loc":{"start":{"line":96,"column":48},"end":{"line":96,"column":99}},"type":"cond-expr","locations":[{"start":{"line":96,"column":62},"end":{"line":96,"column":79}},{"start":{"line":96,"column":79},"end":{"line":96,"column":99}}],"line":96},"3":{"loc":{"start":{"line":102,"column":40},"end":{"line":102,"column":79}},"type":"cond-expr","locations":[{"start":{"line":102,"column":63},"end":{"line":102,"column":73}},{"start":{"line":102,"column":73},"end":{"line":102,"column":79}}],"line":102},"4":{"loc":{"start":{"line":105,"column":13},"end":{"line":105,"column":null}},"type":"cond-expr","locations":[{"start":{"line":105,"column":36},"end":{"line":105,"column":66}},{"start":{"line":105,"column":66},"end":{"line":105,"column":null}}],"line":105},"5":{"loc":{"start":{"line":138,"column":32},"end":{"line":138,"column":null}},"type":"cond-expr","locations":[{"start":{"line":138,"column":45},"end":{"line":138,"column":57}},{"start":{"line":138,"column":57},"end":{"line":138,"column":null}}],"line":138},"6":{"loc":{"start":{"line":139,"column":19},"end":{"line":139,"column":null}},"type":"cond-expr","locations":[{"start":{"line":139,"column":38},"end":{"line":139,"column":53}},{"start":{"line":139,"column":53},"end":{"line":139,"column":null}}],"line":139},"7":{"loc":{"start":{"line":154,"column":25},"end":{"line":154,"column":65}},"type":"binary-expr","locations":[{"start":{"line":154,"column":25},"end":{"line":154,"column":52}},{"start":{"line":154,"column":52},"end":{"line":154,"column":65}}],"line":154},"8":{"loc":{"start":{"line":158,"column":25},"end":{"line":158,"column":77}},"type":"cond-expr","locations":[{"start":{"line":158,"column":38},"end":{"line":158,"column":71}},{"start":{"line":158,"column":71},"end":{"line":158,"column":77}}],"line":158},"9":{"loc":{"start":{"line":162,"column":76},"end":{"line":162,"column":115}},"type":"binary-expr","locations":[{"start":{"line":162,"column":76},"end":{"line":162,"column":109}},{"start":{"line":162,"column":109},"end":{"line":162,"column":115}}],"line":162},"10":{"loc":{"start":{"line":166,"column":76},"end":{"line":166,"column":112}},"type":"binary-expr","locations":[{"start":{"line":166,"column":76},"end":{"line":166,"column":106}},{"start":{"line":166,"column":106},"end":{"line":166,"column":112}}],"line":166},"11":{"loc":{"start":{"line":206,"column":33},"end":{"line":206,"column":null}},"type":"cond-expr","locations":[{"start":{"line":206,"column":54},"end":{"line":206,"column":66}},{"start":{"line":206,"column":66},"end":{"line":206,"column":null}}],"line":206},"12":{"loc":{"start":{"line":220,"column":29},"end":{"line":220,"column":null}},"type":"cond-expr","locations":[{"start":{"line":220,"column":52},"end":{"line":220,"column":66}},{"start":{"line":220,"column":66},"end":{"line":220,"column":null}}],"line":220},"13":{"loc":{"start":{"line":226,"column":21},"end":{"line":226,"column":null}},"type":"cond-expr","locations":[{"start":{"line":226,"column":44},"end":{"line":226,"column":56}},{"start":{"line":226,"column":56},"end":{"line":226,"column":null}}],"line":226},"14":{"loc":{"start":{"line":356,"column":30},"end":{"line":356,"column":null}},"type":"cond-expr","locations":[{"start":{"line":356,"column":48},"end":{"line":356,"column":56}},{"start":{"line":356,"column":56},"end":{"line":356,"column":null}}],"line":356},"15":{"loc":{"start":{"line":356,"column":56},"end":{"line":356,"column":null}},"type":"cond-expr","locations":[{"start":{"line":356,"column":89},"end":{"line":356,"column":101}},{"start":{"line":356,"column":101},"end":{"line":356,"column":null}}],"line":356},"16":{"loc":{"start":{"line":359,"column":36},"end":{"line":359,"column":null}},"type":"cond-expr","locations":[{"start":{"line":359,"column":54},"end":{"line":359,"column":62}},{"start":{"line":359,"column":62},"end":{"line":359,"column":null}}],"line":359},"17":{"loc":{"start":{"line":359,"column":62},"end":{"line":359,"column":null}},"type":"cond-expr","locations":[{"start":{"line":359,"column":100},"end":{"line":359,"column":112}},{"start":{"line":359,"column":112},"end":{"line":359,"column":null}}],"line":359},"18":{"loc":{"start":{"line":373,"column":18},"end":{"line":375,"column":null}},"type":"if","locations":[{"start":{"line":373,"column":18},"end":{"line":375,"column":null}},{"start":{},"end":{}}],"line":373},"19":{"loc":{"start":{"line":373,"column":22},"end":{"line":373,"column":67}},"type":"binary-expr","locations":[{"start":{"line":373,"column":22},"end":{"line":373,"column":39}},{"start":{"line":373,"column":39},"end":{"line":373,"column":67}}],"line":373},"20":{"loc":{"start":{"line":377,"column":23},"end":{"line":377,"column":null}},"type":"cond-expr","locations":[{"start":{"line":377,"column":39},"end":{"line":377,"column":82}},{"start":{"line":377,"column":82},"end":{"line":377,"column":null}}],"line":377},"21":{"loc":{"start":{"line":378,"column":28},"end":{"line":378,"column":null}},"type":"cond-expr","locations":[{"start":{"line":378,"column":45},"end":{"line":378,"column":88}},{"start":{"line":378,"column":88},"end":{"line":378,"column":null}}],"line":378},"22":{"loc":{"start":{"line":384,"column":18},"end":{"line":388,"column":null}},"type":"if","locations":[{"start":{"line":384,"column":18},"end":{"line":388,"column":null}},{"start":{"line":386,"column":25},"end":{"line":388,"column":null}}],"line":384},"23":{"loc":{"start":{"line":426,"column":25},"end":{"line":426,"column":57}},"type":"cond-expr","locations":[{"start":{"line":426,"column":39},"end":{"line":426,"column":48}},{"start":{"line":426,"column":48},"end":{"line":426,"column":57}}],"line":426},"24":{"loc":{"start":{"line":427,"column":31},"end":{"line":427,"column":73}},"type":"cond-expr","locations":[{"start":{"line":427,"column":54},"end":{"line":427,"column":65}},{"start":{"line":427,"column":65},"end":{"line":427,"column":73}}],"line":427},"25":{"loc":{"start":{"line":428,"column":30},"end":{"line":428,"column":50}},"type":"binary-expr","locations":[{"start":{"line":428,"column":30},"end":{"line":428,"column":45}},{"start":{"line":428,"column":45},"end":{"line":428,"column":50}}],"line":428},"26":{"loc":{"start":{"line":432,"column":24},"end":{"line":432,"column":56}},"type":"binary-expr","locations":[{"start":{"line":432,"column":24},"end":{"line":432,"column":46}},{"start":{"line":432,"column":46},"end":{"line":432,"column":56}}],"line":432},"27":{"loc":{"start":{"line":433,"column":25},"end":{"line":433,"column":56}},"type":"binary-expr","locations":[{"start":{"line":433,"column":25},"end":{"line":433,"column":48}},{"start":{"line":433,"column":48},"end":{"line":433,"column":56}}],"line":433},"28":{"loc":{"start":{"line":434,"column":24},"end":{"line":434,"column":55}},"type":"binary-expr","locations":[{"start":{"line":434,"column":24},"end":{"line":434,"column":53}},{"start":{"line":434,"column":53},"end":{"line":434,"column":55}}],"line":434}},"s":{"0":24,"1":24,"2":24,"3":24,"4":24,"5":24,"6":2,"7":1,"8":72,"9":1,"10":1,"11":1,"12":1,"13":1,"14":2,"15":2,"16":1,"17":2,"18":1,"19":1,"20":1,"21":1},"f":{"0":24,"1":2,"2":1,"3":72,"4":1,"5":1,"6":1,"7":1,"8":1,"9":2,"10":2,"11":1},"b":{"0":[22,2],"1":[1,1],"2":[3,21],"3":[1,1],"4":[1,23],"5":[1,23],"6":[22,2],"7":[24,23],"8":[1,23],"9":[24,23],"10":[24,23],"11":[24,48],"12":[22,2],"13":[22,2],"14":[23,1],"15":[1,0],"16":[23,1],"17":[1,0],"18":[1,1],"19":[2,1],"20":[1,23],"21":[23,1],"22":[1,1],"23":[3,21],"24":[22,2],"25":[24,23],"26":[24,23],"27":[24,23],"28":[24,23]},"meta":{"lastBranch":29,"lastFunction":12,"lastStatement":22,"seen":{"f:34:24:34:31":0,"s:48:2:48:Infinity":0,"s:56:2:56:Infinity":1,"s:58:55:58:Infinity":2,"s:60:42:60:Infinity":3,"s:61:44:61:Infinity":4,"s:63:2:466:Infinity":5,"b:79:12:79:Infinity:80:14:86:Infinity":0,"b:81:12:81:Infinity:83:12:86:Infinity":1,"b:96:62:96:79:96:79:96:99":2,"f:102:21:102:27":1,"s:102:27:102:Infinity":6,"b:102:63:102:73:102:73:102:79":3,"b:105:36:105:66:105:66:105:Infinity":4,"b:138:45:138:57:138:57:138:Infinity":5,"b:139:38:139:53:139:53:139:Infinity":6,"b:154:25:154:52:154:52:154:65":7,"b:158:38:158:71:158:71:158:77":8,"b:162:76:162:109:162:109:162:115":9,"b:166:76:166:106:166:106:166:112":10,"f:175:25:175:31":2,"s:175:31:175:Infinity":7,"f:203:64:203:65":3,"s:204:22:212:Infinity":8,"b:206:54:206:66:206:66:206:Infinity":11,"f:209:33:209:39":4,"s:209:39:209:Infinity":9,"b:220:52:220:66:220:66:220:Infinity":12,"f:223:29:223:35":5,"s:223:35:223:Infinity":10,"b:226:44:226:56:226:56:226:Infinity":13,"f:233:28:233:29":6,"s:233:35:233:Infinity":11,"f:301:25:301:31":7,"s:301:31:301:Infinity":12,"f:335:27:335:33":8,"s:335:33:335:Infinity":13,"b:356:48:356:56:356:56:356:Infinity":14,"b:356:89:356:101:356:101:356:Infinity":15,"b:359:54:359:62:359:62:359:Infinity":16,"b:359:100:359:112:359:112:359:Infinity":17,"f:371:26:371:27":9,"s:372:18:372:Infinity":14,"b:373:18:375:Infinity:undefined:undefined:undefined:undefined":18,"s:373:18:375:Infinity":15,"b:373:22:373:39:373:39:373:67":19,"s:374:20:374:Infinity":16,"b:377:39:377:82:377:82:377:Infinity":20,"b:378:45:378:88:378:88:378:Infinity":21,"f:383:25:383:31":10,"b:384:18:388:Infinity:386:25:388:Infinity":22,"s:384:18:388:Infinity":17,"s:385:20:385:Infinity":18,"s:387:20:387:Infinity":19,"f:412:23:412:29":11,"s:413:16:413:Infinity":20,"s:414:16:414:Infinity":21,"b:426:39:426:48:426:48:426:57":23,"b:427:54:427:65:427:65:427:73":24,"b:428:30:428:45:428:45:428:50":25,"b:432:24:432:46:432:46:432:56":26,"b:433:25:433:48:433:48:433:56":27,"b:434:24:434:53:434:53:434:55":28},"fnNames":{}}}}}